2019-05-06 16:12:37,408 - root - INFO - ############################### START ###############################
2019-05-06 16:12:47,527 - root - INFO - ###############################  End  ###############################
2019-05-06 16:16:55,929 - root - INFO - ############################### START ###############################
2019-05-06 16:17:05,374 - root - INFO - ###############################  End  ###############################
2019-05-06 16:18:18,236 - root - INFO - ############################### START ###############################
2019-05-06 16:18:27,263 - root - INFO - ###############################  End  ###############################
2019-05-06 16:27:44,550 - root - INFO - ############################### START ###############################
2019-05-06 16:27:52,667 - root - INFO - ###############################  End  ###############################
2019-05-06 16:31:30,716 - root - INFO - ############################### START ###############################
2019-05-06 16:31:38,749 - root - INFO - ###############################  End  ###############################
2019-05-06 16:36:04,676 - root - INFO - ############################### START ###############################
2019-05-06 16:36:12,728 - root - INFO - ###############################  End  ###############################
2019-05-06 16:40:12,146 - root - INFO - ############################### START ###############################
2019-05-06 16:40:21,879 - root - INFO - ###############################  End  ###############################
2019-05-06 16:40:53,819 - root - INFO - ############################### START ###############################
2019-05-06 16:41:03,696 - root - INFO - ###############################  End  ###############################
2019-05-06 16:42:01,316 - root - INFO - ############################### START ###############################
2019-05-06 16:42:11,573 - root - INFO - SUCCESS    Typed element: <xpath->//*[@id="app"]/div/div[1]/div[2]/input> content: 10024, Spend 0.11530280113220215 seconds
2019-05-06 16:42:18,709 - root - INFO - ###############################  End  ###############################
2019-05-06 17:03:27,991 - root - INFO - ############################### START ###############################
2019-05-06 17:03:38,093 - root - INFO - SUCCESS    Typed element: <xpath->//*[@id="app"]/div/div[1]/div[2]/input> content: 10024, Spend 0.083221435546875 seconds
2019-05-06 17:03:41,318 - root - INFO - ###############################  End  ###############################
2019-05-06 17:03:41,334 - root - INFO - ############################### START ###############################
2019-05-06 17:03:50,560 - root - INFO - SUCCESS    Typed element: <xpath->//*[@id="app"]/div/div[1]/div[2]/input> content: 10024, Spend 0.0782017707824707 seconds
2019-05-06 17:03:53,671 - root - INFO - ###############################  End  ###############################
2019-05-06 17:06:49,474 - root - INFO - ############################### START ###############################
2019-05-06 17:06:58,873 - root - INFO - SUCCESS    Typed element: <xpath->//*[@id="app"]/div/div[1]/div[2]/input> content: 10024, Spend 0.04010725021362305 seconds
2019-05-06 17:07:08,044 - root - INFO - SUCCESS    Get element text element: <xpath->//*[@id="app"]/div/div[2]/div/div/div[1]/div[1]/div[2]/div/p[1]/span>, Spend 0.0641787052154541 seconds
2019-05-06 17:07:10,151 - root - INFO - ###############################  End  ###############################
2019-05-06 17:07:10,160 - root - INFO - ############################### START ###############################
2019-05-06 17:07:18,137 - root - INFO - SUCCESS    Typed element: <xpath->//*[@id="app"]/div/div[1]/div[2]/input> content: 10024, Spend 0.035094261169433594 seconds
2019-05-06 17:07:29,407 - root - INFO - ###############################  End  ###############################
2019-05-06 17:09:47,519 - root - INFO - ############################### START ###############################
2019-05-06 17:09:55,939 - root - INFO - SUCCESS    Typed element: <xpath->//*[@id="app"]/div/div[1]/div[2]/input> content: 10024, Spend 0.039099931716918945 seconds
2019-05-06 17:10:03,199 - root - INFO - ###############################  End  ###############################
2019-05-06 17:10:03,203 - root - INFO - ############################### START ###############################
2019-05-06 17:10:11,829 - root - INFO - SUCCESS    Typed element: <xpath->//*[@id="app"]/div/div[1]/div[2]/input> content: 10024, Spend 0.10512137413024902 seconds
2019-05-06 17:10:19,006 - root - INFO - ###############################  End  ###############################
2019-05-06 17:13:38,764 - root - INFO - ############################### START ###############################
2019-05-06 17:14:08,074 - root - INFO - SUCCESS    Typed element: <xpath->//*[@id="app"]/div/div[1]/div[2]/input> content: 10024, Spend 0.1744086742401123 seconds
2019-05-06 17:14:15,467 - root - INFO - ###############################  End  ###############################
2019-05-06 17:14:32,267 - root - INFO - ############################### START ###############################
2019-05-06 17:14:40,900 - root - INFO - SUCCESS    Typed element: <xpath->//*[@id="app"]/div/div[1]/div[2]/input> content: 10024, Spend 0.040107011795043945 seconds
2019-05-06 17:14:48,173 - root - INFO - ###############################  End  ###############################
2019-05-06 18:28:00,116 - root - INFO - ############################### START ###############################
2019-05-06 18:28:11,507 - root - INFO - SUCCESS    Typed element: <xpath->//*[@id="app"]/div/div[1]/div[2]/input> content: 10024, Spend 0.041109323501586914 seconds
2019-05-06 18:28:18,803 - root - INFO - ###############################  End  ###############################
2019-05-06 18:28:18,807 - root - INFO - ############################### START ###############################
2019-05-06 18:28:26,164 - root - INFO - SUCCESS    Typed element: <xpath->//*[@id="app"]/div/div/div[2]/div[1]/div[1]/input> content: 10532, Spend 1.1230199337005615 seconds
2019-05-06 18:28:28,610 - root - INFO - ###############################  End  ###############################
2019-05-06 18:28:28,626 - root - INFO - ############################### START ###############################
2019-05-06 18:28:44,973 - root - INFO - FAIL    Unable to type element: <xpath->//*[@id="app"]/div/div/div[2]/div[1]/div[1]/input> content: 10532, Spend 10.235827922821045 seconds
2019-05-06 18:28:47,090 - root - INFO - ###############################  End  ###############################
2019-05-06 18:28:47,107 - root - INFO - ############################### START ###############################
2019-05-06 18:28:54,661 - root - INFO - ###############################  End  ###############################
2019-05-06 18:37:43,202 - root - INFO - ############################### START ###############################
2019-05-06 18:37:51,436 - root - INFO - ###############################  End  ###############################
2019-05-06 18:38:09,642 - root - INFO - ############################### START ###############################
2019-05-06 18:38:17,029 - root - INFO - SUCCESS    Typed element: <xpath->//*[@id="app"]/div/div[1]/div[2]/input> content: 10024, Spend 0.03910708427429199 seconds
2019-05-06 18:38:24,307 - root - INFO - ###############################  End  ###############################
2019-05-06 18:38:24,310 - root - INFO - ############################### START ###############################
2019-05-06 18:38:32,725 - root - INFO - ###############################  End  ###############################
2019-05-06 18:38:32,745 - root - INFO - ############################### START ###############################
2019-05-06 18:38:40,919 - root - INFO - ###############################  End  ###############################
2019-05-06 18:38:40,938 - root - INFO - ############################### START ###############################
2019-05-06 18:38:48,236 - root - INFO - ###############################  End  ###############################
2019-05-06 18:41:04,947 - root - INFO - ############################### START ###############################
2019-05-06 18:41:12,665 - root - INFO - SUCCESS    Typed element: <xpath->//*[@id="app"]/div/div[1]/div[2]/input> content: 10024, Spend 0.13235211372375488 seconds
2019-05-06 18:41:15,790 - root - INFO - ###############################  End  ###############################
2019-05-06 18:41:15,801 - root - INFO - ############################### START ###############################
2019-05-06 18:41:24,377 - root - INFO - ###############################  End  ###############################
2019-05-06 18:41:24,383 - root - INFO - ############################### START ###############################
2019-05-06 18:41:31,886 - root - INFO - ###############################  End  ###############################
2019-05-06 18:41:31,889 - root - INFO - ############################### START ###############################
2019-05-06 18:41:41,268 - root - INFO - ###############################  End  ###############################
2019-05-06 18:42:53,088 - root - INFO - ############################### START ###############################
2019-05-06 18:43:01,364 - root - INFO - ###############################  End  ###############################
2019-05-06 18:44:46,034 - root - INFO - ############################### START ###############################
2019-05-06 18:44:53,332 - root - INFO - ###############################  End  ###############################
2019-05-06 18:45:50,768 - root - INFO - ############################### START ###############################
2019-05-06 18:45:58,946 - root - INFO - ###############################  End  ###############################
2019-05-06 18:47:03,931 - root - INFO - ############################### START ###############################
2019-05-06 18:47:12,491 - root - INFO - ###############################  End  ###############################
2019-05-06 18:54:11,871 - root - INFO - ############################### START ###############################
2019-05-06 18:54:22,682 - root - INFO - ###############################  End  ###############################
2019-05-06 18:55:50,646 - root - INFO - ############################### START ###############################
2019-05-06 18:56:07,583 - root - INFO - ###############################  End  ###############################
2019-05-06 18:56:25,553 - root - INFO - ############################### START ###############################
2019-05-06 18:56:33,584 - root - INFO - SUCCESS    Typed element: <xpath->//*[@id="app"]/div/div[1]/div[2]/input> content: 10024, Spend 0.11116266250610352 seconds
2019-05-06 18:56:36,687 - root - INFO - ###############################  End  ###############################
2019-05-06 18:56:36,697 - root - INFO - ############################### START ###############################
2019-05-06 18:56:53,413 - root - INFO - ###############################  End  ###############################
2019-05-06 18:57:59,645 - root - INFO - ############################### START ###############################
2019-05-06 18:58:07,964 - root - INFO - SUCCESS    Typed element: <xpath->//*[@id="app"]/div/div[1]/div[2]/input> content: 10024, Spend 0.048128604888916016 seconds
2019-05-06 18:58:13,085 - root - INFO - ###############################  End  ###############################
2019-05-06 18:58:43,374 - root - INFO - ############################### START ###############################
2019-05-06 18:58:51,050 - root - INFO - SUCCESS    Typed element: <xpath->//*[@id="app"]/div/div[1]/div[2]/input> content: 10024, Spend 0.08823561668395996 seconds
2019-05-06 18:58:56,167 - root - INFO - ###############################  End  ###############################
2019-05-06 18:59:20,620 - root - INFO - ############################### START ###############################
2019-05-06 18:59:28,706 - root - INFO - SUCCESS    Typed element: <xpath->//*[@id="app"]/div/div[1]/div[2]/input> content: 10024, Spend 0.12318682670593262 seconds
2019-05-06 18:59:34,955 - root - INFO - ###############################  End  ###############################
2019-05-06 19:00:38,507 - root - INFO - ############################### START ###############################
2019-05-06 19:00:51,821 - root - INFO - ###############################  End  ###############################
2019-05-06 19:03:35,205 - root - INFO - ############################### START ###############################
2019-05-06 19:03:42,943 - root - INFO - SUCCESS    Typed element: <xpath->//*[@id="app"]/div/div[1]/div[2]/input> content: 10024, Spend 0.10815262794494629 seconds
2019-05-06 19:03:49,204 - root - INFO - ###############################  End  ###############################
2019-05-06 19:03:49,205 - root - INFO - ############################### START ###############################
2019-05-06 19:04:03,047 - root - INFO - ###############################  End  ###############################
2019-05-06 19:04:03,063 - root - INFO - ############################### START ###############################
2019-05-06 19:04:16,702 - root - INFO - ###############################  End  ###############################
2019-05-06 19:04:16,710 - root - INFO - ############################### START ###############################
2019-05-06 19:04:33,716 - root - INFO - ###############################  End  ###############################
2019-05-06 19:08:23,519 - root - INFO - ############################### START ###############################
2019-05-06 19:08:37,667 - root - INFO - ###############################  End  ###############################
2019-05-06 19:08:58,892 - root - INFO - ############################### START ###############################
2019-05-06 19:09:06,769 - root - INFO - SUCCESS    Typed element: <xpath->//*[@id="app"]/div/div[1]/div[2]/input> content: 10024, Spend 0.042111873626708984 seconds
2019-05-06 19:09:13,101 - root - INFO - ###############################  End  ###############################
2019-05-06 19:09:13,103 - root - INFO - ############################### START ###############################
2019-05-06 19:09:37,156 - root - INFO - ###############################  End  ###############################
2019-05-06 19:12:16,557 - root - INFO - ############################### START ###############################
2019-05-06 19:12:31,601 - root - INFO - ###############################  End  ###############################
2019-05-06 19:13:01,294 - root - INFO - ############################### START ###############################
2019-05-06 19:13:17,610 - root - INFO - ###############################  End  ###############################
2019-05-06 19:15:46,765 - root - INFO - ############################### START ###############################
2019-05-06 19:16:03,400 - root - INFO - ###############################  End  ###############################
2019-05-06 19:17:35,692 - root - INFO - ############################### START ###############################
2019-05-06 19:17:52,964 - root - INFO - ###############################  End  ###############################
2019-05-06 19:18:10,687 - root - INFO - ############################### START ###############################
2019-05-06 19:18:27,491 - root - INFO - ###############################  End  ###############################
2019-05-06 19:20:46,384 - root - INFO - ############################### START ###############################
2019-05-06 19:21:00,007 - root - INFO - ###############################  End  ###############################
2019-05-06 19:22:22,785 - root - INFO - ############################### START ###############################
2019-05-06 19:22:47,965 - root - INFO - ###############################  End  ###############################
2019-05-06 19:30:03,340 - root - INFO - ############################### START ###############################
2019-05-06 19:30:16,962 - root - INFO - ###############################  End  ###############################
2019-05-06 19:32:01,766 - root - INFO - ############################### START ###############################
2019-05-06 19:32:14,813 - root - INFO - SUCCESS    Typed element: <xpath->//*[@id="app"]/div/div/div[2]/div[1]/div[1]/input> content: 10532, Spend 0.1925370693206787 seconds
2019-05-06 19:32:27,167 - root - INFO - ###############################  End  ###############################
2019-05-06 19:33:26,404 - root - INFO - ############################### START ###############################
2019-05-06 19:33:37,753 - root - INFO - SUCCESS    Typed element: <xpath->//*[@id="app"]/div/div/div[2]/div[1]/div[1]/input> content: 10532, Spend 0.11229610443115234 seconds
2019-05-06 19:33:39,880 - root - INFO - ###############################  End  ###############################
2019-05-06 19:34:25,636 - root - INFO - ############################### START ###############################
2019-05-06 19:34:37,905 - root - INFO - SUCCESS    Typed element: <xpath->//*[@id="app"]/div/div/div[2]/div[1]/div[1]/input> content: 10532, Spend 0.165435791015625 seconds
2019-05-06 19:34:40,039 - root - INFO - ###############################  End  ###############################
2019-05-06 19:34:40,055 - root - INFO - ############################### START ###############################
2019-05-06 19:34:57,775 - root - INFO - ###############################  End  ###############################
2019-05-06 19:35:34,989 - root - INFO - ############################### START ###############################
2019-05-06 19:35:48,435 - root - INFO - ###############################  End  ###############################
2019-05-06 19:35:48,444 - root - INFO - ############################### START ###############################
2019-05-06 19:36:05,879 - root - INFO - ###############################  End  ###############################
2019-05-06 19:36:45,847 - root - INFO - ############################### START ###############################
2019-05-06 19:36:59,065 - root - INFO - ###############################  End  ###############################
2019-05-06 19:37:24,608 - root - INFO - ############################### START ###############################
2019-05-06 19:37:32,607 - root - INFO - SUCCESS    Typed element: <xpath->//*[@id="app"]/div/div[1]/div[2]/input> content: 10024, Spend 0.18750691413879395 seconds
2019-05-06 19:37:38,900 - root - INFO - ###############################  End  ###############################
2019-05-06 19:37:38,904 - root - INFO - ############################### START ###############################
2019-05-06 19:37:55,838 - root - INFO - ###############################  End  ###############################
