2019-05-09 10:42:39,332 - root - INFO - ############################### START ###############################
2019-05-09 10:42:58,774 - root - INFO - ###############################  End  ###############################
2019-05-09 10:43:04,334 - root - INFO - ############################### START ###############################
2019-05-09 10:43:19,230 - root - INFO - ###############################  End  ###############################
2019-05-09 10:52:12,089 - root - INFO - ############################### START ###############################
2019-05-09 10:52:22,699 - root - INFO - ###############################  End  ###############################
2019-05-09 10:52:22,702 - root - INFO - ############################### START ###############################
2019-05-09 10:52:40,366 - root - INFO - ###############################  End  ###############################
2019-05-09 10:53:29,572 - root - INFO - ############################### START ###############################
2019-05-09 10:53:37,947 - root - INFO - ###############################  End  ###############################
2019-05-09 10:53:52,002 - root - INFO - ############################### START ###############################
2019-05-09 10:54:06,019 - root - INFO - ###############################  End  ###############################
2019-05-09 10:54:06,021 - root - INFO - ############################### START ###############################
2019-05-09 10:54:20,303 - root - INFO - ###############################  End  ###############################
2019-05-09 10:54:31,820 - root - INFO - ############################### START ###############################
2019-05-09 10:54:48,399 - root - INFO - ###############################  End  ###############################
2019-05-09 10:54:48,402 - root - INFO - ############################### START ###############################
2019-05-09 10:55:01,791 - root - INFO - ###############################  End  ###############################
2019-05-09 11:01:33,751 - root - INFO - ############################### START ###############################
2019-05-09 11:01:45,994 - root - INFO - ###############################  End  ###############################
2019-05-09 11:30:30,415 - root - INFO - ############################### START ###############################
2019-05-09 11:30:41,750 - root - INFO - SUCCESS    Get element text element: <xpath->//*[@id="app"]/div/div[2]/form[2]/p/a>, Spend 0.023089885711669922 seconds
2019-05-09 11:30:46,873 - root - INFO - ###############################  End  ###############################
2019-05-09 11:31:00,015 - root - INFO - ############################### START ###############################
2019-05-09 11:31:11,672 - root - INFO - ###############################  End  ###############################
2019-05-09 11:31:11,682 - root - INFO - ############################### START ###############################
2019-05-09 11:31:26,508 - root - INFO - SUCCESS    Get element text element: <xpath->//*[@id="app"]/div/div[2]/form[2]/p/a>, Spend 0.0310821533203125 seconds
2019-05-09 11:31:31,603 - root - INFO - ###############################  End  ###############################
2019-05-09 11:35:23,635 - root - INFO - ############################### START ###############################
2019-05-09 11:35:41,946 - root - INFO - SUCCESS    Get element text element: <xpath->//*[@id="app"]/div/div[2]/form[1]/div/button>, Spend 0.0832209587097168 seconds
2019-05-09 11:35:44,091 - root - INFO - ###############################  End  ###############################
2019-05-09 11:35:44,095 - root - INFO - ############################### START ###############################
2019-05-09 11:35:52,845 - root - INFO - SUCCESS    Get element text element: <xpath->//*[@id="app"]/div/div[2]/form[2]/p/a>, Spend 0.043114662170410156 seconds
2019-05-09 11:35:57,941 - root - INFO - ###############################  End  ###############################
2019-05-09 11:58:32,534 - root - INFO - ############################### START ###############################
2019-05-09 11:58:58,982 - root - INFO - ###############################  End  ###############################
2019-05-09 11:59:22,978 - root - INFO - ############################### START ###############################
2019-05-09 11:59:32,104 - root - INFO - FAIL    Unable to type element: <xpath->//*[@id="app"]/div/div[2]/form[2]/input[1]> content: 100.0, Spend 0.0170443058013916 seconds
2019-05-09 11:59:34,215 - root - INFO - ###############################  End  ###############################
2019-05-09 13:10:41,055 - root - INFO - ############################### START ###############################
2019-05-09 13:11:06,278 - root - INFO - ###############################  End  ###############################
2019-05-09 13:11:59,745 - root - INFO - ############################### START ###############################
2019-05-09 13:12:06,999 - root - INFO - SUCCESS    Typed element: <xpath->//*[@id="app"]/div/div[2]/form[2]/input[1]> content: 18911111111, Spend 0.08422446250915527 seconds
2019-05-09 13:12:07,075 - root - INFO - SUCCESS    Typed element: <xpath->//*[@id="app"]/div/div[2]/form[2]/input[2]> content: 123456, Spend 0.062165021896362305 seconds
2019-05-09 13:12:09,252 - root - INFO - ###############################  End  ###############################
2019-05-09 13:39:31,133 - root - INFO - ############################### START ###############################
2019-05-09 13:39:39,601 - root - INFO - SUCCESS    Typed element: <xpath->//*[@id="app"]/div/div[2]/form[2]/input[1]> content: 18911111111, Spend 0.0762171745300293 seconds
2019-05-09 13:39:39,677 - root - INFO - SUCCESS    Typed element: <xpath->//*[@id="app"]/div/div[2]/form[2]/input[2]> content: 123456, Spend 0.06316876411437988 seconds
2019-05-09 13:39:52,003 - root - INFO - ###############################  End  ###############################
2019-05-09 13:40:04,145 - root - INFO - ############################### START ###############################
2019-05-09 13:40:13,442 - root - INFO - SUCCESS    Typed element: <xpath->//*[@id="app"]/div/div[2]/form[2]/input[1]> content: 18911111111, Spend 0.08823394775390625 seconds
2019-05-09 13:40:13,533 - root - INFO - SUCCESS    Typed element: <xpath->//*[@id="app"]/div/div[2]/form[2]/input[2]> content: 123456, Spend 0.07720494270324707 seconds
2019-05-09 13:40:25,843 - root - INFO - ###############################  End  ###############################
2019-05-09 13:42:20,385 - root - INFO - ############################### START ###############################
2019-05-09 13:42:30,072 - root - INFO - SUCCESS    Typed element: <xpath->//*[@id="app"]/div/div[2]/form[2]/input[1]> content: 18911111111, Spend 0.12032032012939453 seconds
2019-05-09 13:42:30,173 - root - INFO - SUCCESS    Typed element: <xpath->//*[@id="app"]/div/div[2]/form[2]/input[2]> content: 123456, Spend 0.08221960067749023 seconds
2019-05-09 13:42:42,557 - root - INFO - ###############################  End  ###############################
2019-05-09 13:44:30,077 - root - INFO - ############################### START ###############################
2019-05-09 13:44:39,265 - root - INFO - SUCCESS    Typed element: <xpath->//*[@id="app"]/div/div[2]/form[2]/input[1]> content: 18911111111, Spend 0.12731099128723145 seconds
2019-05-09 13:44:39,338 - root - INFO - SUCCESS    Typed element: <xpath->//*[@id="app"]/div/div[2]/form[2]/input[2]> content: 123456, Spend 0.05616307258605957 seconds
2019-05-09 13:44:40,503 - root - INFO - SUCCESS    Get element text element: <xpath->//*[@id="app"]/div/div[3]/ul/li[1]/div>, Spend 0.04010653495788574 seconds
2019-05-09 13:44:42,626 - root - INFO - ###############################  End  ###############################
2019-05-09 13:46:05,792 - root - INFO - ############################### START ###############################
2019-05-09 13:46:13,842 - root - INFO - SUCCESS    Typed element: <xpath->//*[@id="app"]/div/div[2]/form[2]/input[1]> content: 18911111111, Spend 0.09625577926635742 seconds
2019-05-09 13:46:13,922 - root - INFO - SUCCESS    Typed element: <xpath->//*[@id="app"]/div/div[2]/form[2]/input[2]> content: 123456, Spend 0.06517267227172852 seconds
2019-05-09 13:46:26,373 - root - INFO - ###############################  End  ###############################
2019-05-09 13:48:41,739 - root - INFO - ############################### START ###############################
2019-05-09 13:48:51,112 - root - INFO - SUCCESS    Typed element: <xpath->//*[@id="app"]/div/div[2]/form[2]/input[1]> content: 18911111111, Spend 0.08522462844848633 seconds
2019-05-09 13:48:51,181 - root - INFO - SUCCESS    Typed element: <xpath->//*[@id="app"]/div/div[2]/form[2]/input[2]> content: 123456, Spend 0.056148529052734375 seconds
2019-05-09 13:48:52,357 - root - INFO - SUCCESS    Get element text element: <xpath->//*[@id="app"]/div/div[1]/div[5]/ul/li[2]/span[2]>, Spend 0.052141427993774414 seconds
2019-05-09 13:48:54,450 - root - INFO - ###############################  End  ###############################
2019-05-09 13:49:26,189 - root - INFO - ############################### START ###############################
2019-05-09 13:49:32,970 - root - INFO - SUCCESS    Typed element: <xpath->//*[@id="app"]/div/div[2]/form[2]/input[1]> content: 18911111111, Spend 0.08221840858459473 seconds
2019-05-09 13:49:33,044 - root - INFO - SUCCESS    Typed element: <xpath->//*[@id="app"]/div/div[2]/form[2]/input[2]> content: 123456, Spend 0.060159921646118164 seconds
2019-05-09 13:49:34,212 - root - INFO - SUCCESS    Get element text element: <xpath->//*[@id="app"]/div/div[1]/div[5]/ul/li[2]/span[2]>, Spend 0.043114423751831055 seconds
2019-05-09 13:49:36,322 - root - INFO - ###############################  End  ###############################
2019-05-09 13:51:38,213 - root - INFO - ############################### START ###############################
2019-05-09 13:51:47,892 - root - INFO - SUCCESS    Get element text element: <xpath->//*[@id="app"]/div/div[2]/form[1]/div/button>, Spend 0.03509116172790527 seconds
2019-05-09 13:51:50,025 - root - INFO - ###############################  End  ###############################
2019-05-09 13:51:50,027 - root - INFO - ############################### START ###############################
2019-05-09 13:51:57,497 - root - INFO - SUCCESS    Typed element: <xpath->//*[@id="app"]/div/div[2]/form[2]/input[1]> content: 18911111111, Spend 0.09525537490844727 seconds
2019-05-09 13:51:57,575 - root - INFO - SUCCESS    Typed element: <xpath->//*[@id="app"]/div/div[2]/form[2]/input[2]> content: 123456, Spend 0.06417012214660645 seconds
2019-05-09 13:51:59,795 - root - INFO - SUCCESS    Get element text element: <xpath->//*[@id="app"]/div/div[1]/div[5]/ul/li[2]/span[2]>, Spend 0.08121132850646973 seconds
2019-05-09 13:52:01,896 - root - INFO - ###############################  End  ###############################
2019-05-09 13:52:01,898 - root - INFO - ############################### START ###############################
2019-05-09 13:52:13,851 - root - INFO - SUCCESS    Get element text element: <xpath->//*[@id="app"]/div/div[2]/form[2]/p/a>, Spend 0.025065898895263672 seconds
2019-05-09 13:52:19,008 - root - INFO - ###############################  End  ###############################
2019-05-09 14:25:46,835 - root - INFO - ############################### START ###############################
2019-05-09 14:26:56,370 - root - INFO - ############################### START ###############################
2019-05-09 14:28:00,195 - root - INFO - ############################### START ###############################
2019-05-09 14:28:32,293 - root - INFO - ############################### START ###############################
2019-05-09 14:45:19,340 - root - INFO - ############################### START ###############################
2019-05-09 14:52:00,664 - root - INFO - ############################### START ###############################
2019-05-09 14:52:30,559 - root - INFO - ############################### START ###############################
2019-05-09 14:55:58,216 - root - INFO - ############################### START ###############################
2019-05-09 14:56:10,546 - root - INFO - ###############################  End  ###############################
2019-05-09 18:17:58,936 - root - INFO - ############################### START ###############################
2019-05-09 18:18:25,033 - root - INFO - ###############################  End  ###############################
2019-05-09 18:19:23,322 - root - INFO - ############################### START ###############################
2019-05-09 18:19:25,985 - root - INFO - ############################### START ###############################
2019-05-09 18:19:50,308 - root - INFO - ###############################  End  ###############################
2019-05-09 18:22:59,838 - root - INFO - ############################### START ###############################
2019-05-09 18:23:12,887 - root - INFO - FAIL    Unable to type element: <//*[@id="app"]/div/div[1]/div[2]/input> content: E124222, Spend 0.0 seconds
2019-05-09 18:23:15,020 - root - INFO - ###############################  End  ###############################
2019-05-09 18:23:31,845 - root - INFO - ############################### START ###############################
2019-05-09 18:23:44,482 - root - INFO - FAIL    Unable to type element: <//*[@id="app"]/div/div[1]/div[2]/input> content: E124222, Spend 0.0 seconds
2019-05-09 18:23:46,641 - root - INFO - ###############################  End  ###############################
2019-05-09 18:24:33,307 - root - INFO - ############################### START ###############################
2019-05-09 18:24:46,185 - root - INFO - SUCCESS    Typed element: <xpath->//*[@id="app"]/div/div[1]/div[2]/input> content: E124222, Spend 0.11931133270263672 seconds
2019-05-09 18:24:51,512 - root - INFO - ###############################  End  ###############################
2019-05-09 18:29:38,512 - root - INFO - ############################### START ###############################
2019-05-09 18:29:51,533 - root - INFO - SUCCESS    Typed element: <xpath->//*[@id="app"]/div/div[1]/div[2]/input> content: E124222, Spend 0.11931681632995605 seconds
2019-05-09 18:29:54,733 - root - INFO - SUCCESS    Get element text element: <xpath->//*[@id="app"]/div/div[2]/div/div/div[1]/div/div[2]/div/p[1]/span>, Spend 0.028061628341674805 seconds
2019-05-09 18:29:56,843 - root - INFO - ###############################  End  ###############################
2019-05-09 18:37:57,130 - root - INFO - ############################### START ###############################
2019-05-09 18:38:10,690 - root - INFO - ###############################  End  ###############################
2019-05-09 18:38:22,170 - root - INFO - ############################### START ###############################
2019-05-09 18:38:38,442 - root - INFO - ###############################  End  ###############################
2019-05-09 18:45:08,640 - root - INFO - ############################### START ###############################
2019-05-09 18:45:23,163 - root - INFO - ###############################  End  ###############################
2019-05-09 18:46:45,251 - root - INFO - ############################### START ###############################
2019-05-09 18:46:57,437 - root - INFO - SUCCESS    Get element text element: <xpath->//*[@id="app"]/div/div/div[2]/div[2]/div[1]/div/div[1]/div/div[2]/div/p[1]/span>, Spend 0.054141998291015625 seconds
2019-05-09 18:46:59,560 - root - INFO - ###############################  End  ###############################
2019-05-09 19:05:42,027 - root - INFO - ############################### START ###############################
2019-05-09 19:05:56,206 - root - INFO - SUCCESS    Get element text element: <xpath->//*[@id="app"]/div/div/div[2]/div[2]/div[1]/div/div[1]/div/div[2]/div/p[1]/span>, Spend 0.1153101921081543 seconds
2019-05-09 19:05:56,368 - root - INFO - SUCCESS    Typed element: <xpath->//*[@id="app"]/div/div/div[2]/div[1]/div[1]/input> content: 99439, Spend 0.12031769752502441 seconds
2019-05-09 19:06:08,688 - root - INFO - ###############################  End  ###############################
2019-05-09 19:08:19,184 - root - INFO - ############################### START ###############################
2019-05-09 19:08:32,053 - root - INFO - SUCCESS    Get element text element: <xpath->//*[@id="app"]/div/div/div[2]/div[2]/div[1]/div/div[1]/div/div[2]/div/p[1]/span>, Spend 0.04812741279602051 seconds
2019-05-09 19:08:32,147 - root - INFO - SUCCESS    Typed element: <xpath->//*[@id="app"]/div/div/div[2]/div[1]/div[1]/input> content: 99439, Spend 0.08121562004089355 seconds
2019-05-09 19:08:44,463 - root - INFO - ###############################  End  ###############################
2019-05-09 19:08:50,415 - root - INFO - ############################### START ###############################
2019-05-09 19:09:03,454 - root - INFO - SUCCESS    Get element text element: <xpath->//*[@id="app"]/div/div/div[2]/div[2]/div[1]/div/div[1]/div/div[2]/div/p[1]/span>, Spend 0.024051189422607422 seconds
2019-05-09 19:09:03,530 - root - INFO - SUCCESS    Typed element: <xpath->//*[@id="app"]/div/div/div[2]/div[1]/div[1]/input> content: 99439, Spend 0.06316804885864258 seconds
2019-05-09 19:09:15,808 - root - INFO - ###############################  End  ###############################
2019-05-09 19:11:30,429 - root - INFO - ############################### START ###############################
2019-05-09 19:11:42,909 - root - INFO - SUCCESS    Get element text element: <xpath->//*[@id="app"]/div/div/div[2]/div[2]/div[1]/div/div[1]/div/div[2]/div/p[1]/span>, Spend 0.04613494873046875 seconds
2019-05-09 19:11:43,031 - root - INFO - SUCCESS    Typed element: <xpath->//*[@id="app"]/div/div/div[2]/div[1]/div[1]/input> content: 99439, Spend 0.1002645492553711 seconds
2019-05-09 19:11:55,492 - root - INFO - ###############################  End  ###############################
2019-05-09 19:14:09,026 - root - INFO - ############################### START ###############################
2019-05-09 19:14:22,116 - root - INFO - SUCCESS    Get element text element: <xpath->//*[@id="app"]/div/div/div[2]/div[2]/div[1]/div/div[1]/div/div[2]/div/p[1]/span>, Spend 0.026073694229125977 seconds
2019-05-09 19:14:22,191 - root - INFO - SUCCESS    Typed element: <xpath->//*[@id="app"]/div/div/div[2]/div[1]/div[1]/input> content: 99439, Spend 0.06116342544555664 seconds
2019-05-09 19:14:34,606 - root - INFO - ###############################  End  ###############################
2019-05-09 19:16:48,115 - root - INFO - ############################### START ###############################
2019-05-09 19:17:01,709 - root - INFO - SUCCESS    Get element text element: <xpath->//*[@id="app"]/div/div/div[2]/div[2]/div[1]/div/div[1]/div/div[2]/div/p[1]/span>, Spend 0.02406454086303711 seconds
2019-05-09 19:17:01,783 - root - INFO - SUCCESS    Typed element: <xpath->//*[@id="app"]/div/div/div[2]/div[1]/div[1]/input> content: 99439, Spend 0.06116318702697754 seconds
2019-05-09 19:17:14,166 - root - INFO - ###############################  End  ###############################
2019-05-09 19:25:34,460 - root - INFO - ############################### START ###############################
2019-05-09 19:25:46,871 - root - INFO - SUCCESS    Get element text element: <xpath->//*[@id="app"]/div/div/div[2]/div[2]/div[1]/div/div[1]/div/div[2]/div/p[1]/span>, Spend 0.05915975570678711 seconds
2019-05-09 19:25:46,978 - root - INFO - SUCCESS    Typed element: <xpath->//*[@id="app"]/div/div/div[2]/div[1]/div[1]/input> content: 99439, Spend 0.07918214797973633 seconds
2019-05-09 19:25:59,361 - root - INFO - ###############################  End  ###############################
2019-05-09 20:37:59,903 - root - INFO - ############################### START ###############################
2019-05-09 20:38:13,175 - root - INFO - SUCCESS    Get element text element: <xpath->//*[@id="app"]/div/div/div[2]/div[2]/div[1]/div/div[1]/div/div[2]/div/p[1]/span>, Spend 0.10825109481811523 seconds
2019-05-09 20:38:13,311 - root - INFO - SUCCESS    Typed element: <xpath->//*[@id="app"]/div/div/div[2]/div[1]/div[1]/input> content: 99439, Spend 0.10223984718322754 seconds
2019-05-09 20:38:15,441 - root - INFO - ###############################  End  ###############################
2019-05-09 20:38:39,917 - root - INFO - ############################### START ###############################
2019-05-09 20:38:52,140 - root - INFO - SUCCESS    Get element text element: <xpath->//*[@id="app"]/div/div/div[2]/div[2]/div[1]/div/div[1]/div/div[2]/div/p[1]/span>, Spend 0.06817793846130371 seconds
2019-05-09 20:38:52,282 - root - INFO - SUCCESS    Typed element: <xpath->//*[@id="app"]/div/div/div[2]/div[1]/div[1]/input> content: 99439, Spend 0.11430096626281738 seconds
2019-05-09 20:39:04,738 - root - INFO - ###############################  End  ###############################
2019-05-09 20:39:31,622 - root - INFO - ############################### START ###############################
2019-05-09 20:39:43,934 - root - INFO - SUCCESS    Get element text element: <xpath->//*[@id="app"]/div/div/div[2]/div[2]/div[1]/div/div[1]/div/div[2]/div/p[1]/span>, Spend 0.027074098587036133 seconds
2019-05-09 20:39:44,015 - root - INFO - SUCCESS    Typed element: <xpath->//*[@id="app"]/div/div/div[2]/div[1]/div[1]/input> content: 99439, Spend 0.06918597221374512 seconds
2019-05-09 20:39:56,584 - root - INFO - ###############################  End  ###############################
2019-05-09 20:40:30,532 - root - INFO - ############################### START ###############################
2019-05-09 20:40:43,037 - root - INFO - SUCCESS    Get element text element: <xpath->//*[@id="app"]/div/div/div[2]/div[2]/div[1]/div/div[1]/div/div[2]/div/p[1]/span>, Spend 0.024064302444458008 seconds
2019-05-09 20:40:43,104 - root - INFO - SUCCESS    Typed element: <xpath->//*[@id="app"]/div/div/div[2]/div[1]/div[1]/input> content: 99439, Spend 0.05213737487792969 seconds
2019-05-09 20:40:45,250 - root - INFO - ###############################  End  ###############################
2019-05-09 20:42:00,532 - root - INFO - ############################### START ###############################
2019-05-09 20:42:13,617 - root - INFO - SUCCESS    Get element text element: <xpath->//*[@id="app"]/div/div/div[2]/div[2]/div[1]/div/div[1]/div/div[2]/div/p[1]/span>, Spend 0.028074979782104492 seconds
2019-05-09 20:42:13,697 - root - INFO - SUCCESS    Typed element: <xpath->//*[@id="app"]/div/div/div[2]/div[1]/div[1]/input> content: 99439, Spend 0.06818270683288574 seconds
2019-05-09 20:42:18,938 - root - INFO - ###############################  End  ###############################
2019-05-09 20:43:15,486 - root - INFO - ############################### START ###############################
2019-05-09 20:43:27,911 - root - INFO - SUCCESS    Get element text element: <xpath->//*[@id="app"]/div/div/div[2]/div[2]/div[1]/div/div[1]/div/div[2]/div/p[1]/span>, Spend 0.1013023853302002 seconds
2019-05-09 20:43:27,996 - root - INFO - SUCCESS    Typed element: <xpath->//*[@id="app"]/div/div/div[2]/div[1]/div[1]/input> content: 99439, Spend 0.05915641784667969 seconds
2019-05-09 20:43:33,262 - root - INFO - ###############################  End  ###############################
2019-05-09 20:43:33,264 - root - INFO - ############################### START ###############################
2019-05-09 20:43:45,757 - root - INFO - SUCCESS    Typed element: <xpath->//*[@id="app"]/div/div[1]/div[2]/input> content: E124222, Spend 0.04612255096435547 seconds
2019-05-09 20:43:48,937 - root - INFO - SUCCESS    Get element text element: <xpath->//*[@id="app"]/div/div[2]/div/div/div[1]/div/div[2]/div/p[1]/span>, Spend 0.06212759017944336 seconds
2019-05-09 20:43:51,057 - root - INFO - ###############################  End  ###############################
2019-05-09 20:43:51,060 - root - INFO - ############################### START ###############################
2019-05-09 20:44:00,318 - root - INFO - SUCCESS    Get element text element: <xpath->//*[@id="app"]/div/div[2]/form[1]/div/button>, Spend 0.05010175704956055 seconds
2019-05-09 20:44:02,443 - root - INFO - ###############################  End  ###############################
2019-05-09 20:44:02,446 - root - INFO - ############################### START ###############################
2019-05-09 20:44:11,085 - root - INFO - SUCCESS    Typed element: <xpath->//*[@id="app"]/div/div[2]/form[2]/input[1]> content: 18911111111, Spend 0.13335132598876953 seconds
2019-05-09 20:44:11,166 - root - INFO - SUCCESS    Typed element: <xpath->//*[@id="app"]/div/div[2]/form[2]/input[2]> content: 123456, Spend 0.06113743782043457 seconds
2019-05-09 20:44:23,690 - root - INFO - ###############################  End  ###############################
2019-05-09 20:44:23,696 - root - INFO - ############################### START ###############################
2019-05-09 20:44:29,871 - root - INFO - SUCCESS    Get element text element: <xpath->//*[@id="app"]/div/div[2]/form[2]/p/a>, Spend 0.04611921310424805 seconds
2019-05-09 20:44:34,980 - root - INFO - ###############################  End  ###############################
2019-05-09 20:44:34,983 - root - INFO - ############################### START ###############################
2019-05-09 20:44:44,053 - root - INFO - SUCCESS    Get element text element: <xpath->//*[@id="app"]/div/div[5]/div/div[2]/ul[1]/li[1]/div[1]/span>, Spend 0.10328078269958496 seconds
2019-05-09 20:44:49,166 - root - INFO - ###############################  End  ###############################
2019-05-09 20:44:49,168 - root - INFO - ############################### START ###############################
2019-05-09 20:45:03,502 - root - INFO - ###############################  End  ###############################
2019-05-09 20:45:03,504 - root - INFO - ############################### START ###############################
2019-05-09 20:45:09,244 - root - INFO - SUCCESS    Get element text element: <xpath->//*[@id="app"]/div/div[2]/div[1]/p[1]>, Spend 0.029076814651489258 seconds
2019-05-09 20:45:14,355 - root - INFO - ###############################  End  ###############################
2019-05-09 20:45:14,357 - root - INFO - ############################### START ###############################
2019-05-09 20:45:26,581 - root - INFO - SUCCESS    Get element text element: <xpath->//*[@id="app"]/div/div[2]/div/div[2]/ul/li[1]/div[2]/div/p[1]/span>, Spend 0.056150197982788086 seconds
2019-05-09 20:45:28,697 - root - INFO - ###############################  End  ###############################
2019-05-09 20:45:28,699 - root - INFO - ############################### START ###############################
2019-05-09 20:45:36,828 - root - INFO - SUCCESS    Typed element: <xpath->//*[@id="app"]/div/div[1]/div[2]/input> content: 10024, Spend 0.057149410247802734 seconds
2019-05-09 20:45:44,083 - root - INFO - ###############################  End  ###############################
2019-05-09 20:45:44,100 - root - INFO - ############################### START ###############################
2019-05-09 20:45:52,603 - root - INFO - SUCCESS    Get element text element: <xpath->//*[@id="app"]/div/div[2]/ul/li[2]/p[1]/span>, Spend 0.04311656951904297 seconds
2019-05-09 20:45:52,837 - root - INFO - SUCCESS    Get element text element: <xpath->//*[@id="app"]/div/div[2]/ul/li[2]/div[1]>, Spend 0.048128366470336914 seconds
2019-05-09 20:45:54,927 - root - INFO - ###############################  End  ###############################
2019-05-09 20:45:54,928 - root - INFO - ############################### START ###############################
2019-05-09 20:46:03,482 - root - INFO - SUCCESS    Get element text element: <xpath->//*[@id="app"]/div/div[2]/div[1]/ul/li[1]/div[2]/div[1]/p[1]/span>, Spend 0.04110574722290039 seconds
2019-05-09 20:46:05,593 - root - INFO - ###############################  End  ###############################
2019-05-09 20:46:05,595 - root - INFO - ############################### START ###############################
2019-05-09 20:46:15,989 - root - INFO - SUCCESS    Get element text element: <xpath->//*[@id="app"]/div/div[11]/div/div/div[2]/ul/li[1]/div[1]>, Spend 0.029078006744384766 seconds
2019-05-09 20:46:18,103 - root - INFO - ###############################  End  ###############################
2019-05-09 20:46:18,104 - root - INFO - ############################### START ###############################
2019-05-09 20:46:29,867 - root - INFO - SUCCESS    Clear and type element: <xpath->//*[@id="app"]/div/div/div[2]/div[1]/div[1]/input> content: 10532, Spend 0.08221840858459473 seconds
2019-05-09 20:46:45,207 - root - INFO - ###############################  End  ###############################
2019-05-09 20:46:45,208 - root - INFO - ############################### START ###############################
2019-05-09 20:46:57,044 - root - INFO - SUCCESS    Clear and type element: <xpath->//*[@id="app"]/div/div/div[2]/div[1]/div[1]/input> content: 10532, Spend 0.10628080368041992 seconds
2019-05-09 20:47:12,338 - root - INFO - ###############################  End  ###############################
2019-05-09 20:47:12,339 - root - INFO - ############################### START ###############################
2019-05-09 20:47:26,357 - root - INFO - ###############################  End  ###############################
2019-05-09 20:47:26,358 - root - INFO - ############################### START ###############################
2019-05-09 20:47:48,248 - root - INFO - ###############################  End  ###############################
2019-05-09 20:47:48,267 - root - INFO - ############################### START ###############################
2019-05-09 20:47:56,494 - root - INFO - SUCCESS    Get element text element: <xpath->//*[@id="app"]/div/div[4]/div/div/div[2]/ul/li[1]/div[1]/span>, Spend 0.03709769248962402 seconds
2019-05-09 20:47:58,596 - root - INFO - ###############################  End  ###############################
2019-05-09 20:47:58,598 - root - INFO - ############################### START ###############################
2019-05-09 20:48:07,831 - root - INFO - SUCCESS    Get element text element: <xpath->//*[@id="app"]/div/div[8]/div/div/div[2]/ul/span/li[2]/div[2]/div[1]>, Spend 0.07620573043823242 seconds
2019-05-09 20:48:07,903 - root - INFO - SUCCESS    Get element text element: <xpath->//*[@id="app"]/div/div[8]/div/div/div[2]/ul/span/li[1]/div[2]/div[2]>, Spend 0.03509378433227539 seconds
2019-05-09 20:48:10,014 - root - INFO - ###############################  End  ###############################
2019-05-09 20:48:10,015 - root - INFO - ############################### START ###############################
2019-05-09 20:48:26,139 - root - INFO - ############################### START ###############################
2019-05-09 20:48:39,511 - root - INFO - SUCCESS    Get element text element: <xpath->//*[@id="app"]/div/div/div[2]/div[2]/div[1]/div/div[1]/div/div[2]/div/p[1]/span>, Spend 0.1002659797668457 seconds
2019-05-09 20:48:39,670 - root - INFO - SUCCESS    Typed element: <xpath->//*[@id="app"]/div/div/div[2]/div[1]/div[1]/input> content: 99439, Spend 0.1163187026977539 seconds
2019-05-09 20:48:44,914 - root - INFO - ###############################  End  ###############################
2019-05-09 20:48:44,917 - root - INFO - ############################### START ###############################
2019-05-09 20:48:57,279 - root - INFO - SUCCESS    Typed element: <xpath->//*[@id="app"]/div/div[1]/div[2]/input> content: E124222, Spend 0.10727953910827637 seconds
2019-05-09 20:49:00,473 - root - INFO - SUCCESS    Get element text element: <xpath->//*[@id="app"]/div/div[2]/div/div/div[1]/div/div[2]/div/p[1]/span>, Spend 0.053141117095947266 seconds
2019-05-09 20:49:02,575 - root - INFO - ###############################  End  ###############################
2019-05-09 20:49:02,577 - root - INFO - ############################### START ###############################
2019-05-09 20:49:12,771 - root - INFO - SUCCESS    Get element text element: <xpath->//*[@id="app"]/div/div[2]/form[1]/div/button>, Spend 0.027077436447143555 seconds
2019-05-09 20:49:14,873 - root - INFO - ###############################  End  ###############################
2019-05-09 20:49:14,875 - root - INFO - ############################### START ###############################
2019-05-09 20:49:22,546 - root - INFO - SUCCESS    Typed element: <xpath->//*[@id="app"]/div/div[2]/form[2]/input[1]> content: 18911111111, Spend 0.08922481536865234 seconds
2019-05-09 20:49:22,624 - root - INFO - SUCCESS    Typed element: <xpath->//*[@id="app"]/div/div[2]/form[2]/input[2]> content: 123456, Spend 0.06316637992858887 seconds
2019-05-09 20:49:35,118 - root - INFO - ###############################  End  ###############################
2019-05-09 20:49:35,126 - root - INFO - ############################### START ###############################
2019-05-09 20:49:42,196 - root - INFO - SUCCESS    Get element text element: <xpath->//*[@id="app"]/div/div[2]/form[2]/p/a>, Spend 0.030070066452026367 seconds
2019-05-09 20:49:47,313 - root - INFO - ###############################  End  ###############################
2019-05-09 20:49:47,316 - root - INFO - ############################### START ###############################
2019-05-09 20:49:55,152 - root - INFO - SUCCESS    Get element text element: <xpath->//*[@id="app"]/div/div[5]/div/div[2]/ul[1]/li[1]/div[1]/span>, Spend 0.026070356369018555 seconds
2019-05-09 20:50:00,462 - root - INFO - ###############################  End  ###############################
2019-05-09 20:50:00,463 - root - INFO - ############################### START ###############################
2019-05-09 20:50:14,822 - root - INFO - ###############################  End  ###############################
2019-05-09 20:50:14,825 - root - INFO - ############################### START ###############################
2019-05-09 20:50:21,236 - root - INFO - SUCCESS    Get element text element: <xpath->//*[@id="app"]/div/div[2]/div[1]/p[1]>, Spend 0.028081655502319336 seconds
2019-05-09 20:50:26,346 - root - INFO - ###############################  End  ###############################
2019-05-09 20:50:26,348 - root - INFO - ############################### START ###############################
2019-05-09 20:50:38,448 - root - INFO - SUCCESS    Get element text element: <xpath->//*[@id="app"]/div/div[2]/div/div[2]/ul/li[1]/div[2]/div/p[1]/span>, Spend 0.024065017700195312 seconds
2019-05-09 20:50:40,554 - root - INFO - ###############################  End  ###############################
2019-05-09 20:50:40,557 - root - INFO - ############################### START ###############################
2019-05-09 20:50:48,187 - root - INFO - SUCCESS    Typed element: <xpath->//*[@id="app"]/div/div[1]/div[2]/input> content: 10024, Spend 0.03810286521911621 seconds
2019-05-09 20:50:54,460 - root - INFO - ###############################  End  ###############################
2019-05-09 20:50:54,467 - root - INFO - ############################### START ###############################
2019-05-09 20:51:04,774 - root - INFO - SUCCESS    Get element text element: <xpath->//*[@id="app"]/div/div[2]/ul/li[2]/p[1]/span>, Spend 0.024063587188720703 seconds
2019-05-09 20:51:04,809 - root - INFO - SUCCESS    Get element text element: <xpath->//*[@id="app"]/div/div[2]/ul/li[2]/div[1]>, Spend 0.0240631103515625 seconds
2019-05-09 20:51:06,914 - root - INFO - ###############################  End  ###############################
2019-05-09 20:51:06,916 - root - INFO - ############################### START ###############################
2019-05-09 20:51:15,227 - root - INFO - SUCCESS    Get element text element: <xpath->//*[@id="app"]/div/div[2]/div[1]/ul/li[1]/div[2]/div[1]/p[1]/span>, Spend 0.027071475982666016 seconds
2019-05-09 20:51:17,333 - root - INFO - ###############################  End  ###############################
2019-05-09 20:51:17,334 - root - INFO - ############################### START ###############################
2019-05-09 20:51:26,617 - root - INFO - SUCCESS    Get element text element: <xpath->//*[@id="app"]/div/div[11]/div/div/div[2]/ul/li[1]/div[1]>, Spend 0.055146217346191406 seconds
2019-05-09 20:51:28,726 - root - INFO - ###############################  End  ###############################
2019-05-09 20:51:28,728 - root - INFO - ############################### START ###############################
2019-05-09 20:51:40,455 - root - INFO - SUCCESS    Clear and type element: <xpath->//*[@id="app"]/div/div/div[2]/div[1]/div[1]/input> content: 10532, Spend 0.09224390983581543 seconds
2019-05-09 20:51:55,995 - root - INFO - ###############################  End  ###############################
2019-05-09 20:51:55,996 - root - INFO - ############################### START ###############################
2019-05-09 20:52:08,041 - root - INFO - SUCCESS    Clear and type element: <xpath->//*[@id="app"]/div/div/div[2]/div[1]/div[1]/input> content: 10532, Spend 0.16143178939819336 seconds
2019-05-09 20:52:23,499 - root - INFO - ###############################  End  ###############################
2019-05-09 20:52:23,502 - root - INFO - ############################### START ###############################
2019-05-09 20:52:36,154 - root - INFO - ###############################  End  ###############################
2019-05-09 20:52:36,155 - root - INFO - ############################### START ###############################
2019-05-09 20:52:58,134 - root - INFO - ###############################  End  ###############################
2019-05-09 20:52:58,140 - root - INFO - ############################### START ###############################
2019-05-09 20:53:04,125 - root - INFO - SUCCESS    Get element text element: <xpath->//*[@id="app"]/div/div[4]/div/div/div[2]/ul/li[1]/div[1]/span>, Spend 0.02608036994934082 seconds
2019-05-09 20:53:06,216 - root - INFO - ###############################  End  ###############################
2019-05-09 20:53:06,218 - root - INFO - ############################### START ###############################
2019-05-09 20:53:15,749 - root - INFO - SUCCESS    Get element text element: <xpath->//*[@id="app"]/div/div[8]/div/div/div[2]/ul/span/li[2]/div[2]/div[1]>, Spend 0.04612421989440918 seconds
2019-05-09 20:53:15,821 - root - INFO - SUCCESS    Get element text element: <xpath->//*[@id="app"]/div/div[8]/div/div/div[2]/ul/span/li[1]/div[2]/div[2]>, Spend 0.05013394355773926 seconds
2019-05-09 20:53:17,934 - root - INFO - ###############################  End  ###############################
2019-05-09 20:53:17,936 - root - INFO - ############################### START ###############################
2019-05-09 20:53:29,742 - root - INFO - SUCCESS    Get element text element: <xpath->//*[@id="app"]/div/div[2]/ul/li[1]/div[1]/p[1]/span>, Spend 0.06616973876953125 seconds
2019-05-09 20:53:29,794 - root - INFO - SUCCESS    Get element text element: <xpath->//*[@id="app"]/div/div[2]/ul/li[1]/div[1]/div>, Spend 0.034091949462890625 seconds
2019-05-09 20:53:31,907 - root - INFO - ###############################  End  ###############################
2019-05-09 20:53:31,910 - root - INFO - ############################### START ###############################
2019-05-09 20:53:41,360 - root - INFO - SUCCESS    Get element text element: <xpath->//*[@id="app"]/div/div[7]/div/div[2]/ul/li[1]/div[2]>, Spend 0.06918144226074219 seconds
2019-05-09 20:53:43,468 - root - INFO - ###############################  End  ###############################
2019-05-09 20:53:43,468 - root - INFO - ############################### START ###############################
2019-05-09 20:53:54,159 - root - INFO - SUCCESS    Get element text element: <xpath->//*[@id="app"]/div/div[2]/ul/li[2]/div[1]>, Spend 0.09529781341552734 seconds
2019-05-09 20:53:56,309 - root - INFO - ###############################  End  ###############################
2019-05-09 20:53:56,311 - root - INFO - ############################### START ###############################
2019-05-09 20:54:19,045 - root - INFO - ###############################  End  ###############################
