2019-04-03 13:58:24,896 - root - INFO - ############################### START ###############################
2019-04-03 13:58:31,996 - root - INFO - SUCCESS    Typed element: <xpath->//*[@id="app"]/div/div[2]/form[2]/input[1]> content: 15100000000, Spend 0.07119035720825195 seconds
2019-04-03 13:58:32,051 - root - INFO - SUCCESS    Typed element: <xpath->//*[@id="app"]/div/div[2]/form[2]/input[2]> content: 111111, Spend 0.055145263671875 seconds
2019-04-03 13:58:34,560 - root - INFO - ###############################  End  ###############################
2019-04-03 13:58:34,561 - root - INFO - ############################### START ###############################
2019-04-03 13:58:41,204 - root - INFO - SUCCESS    Typed element: <xpath->//*[@id="app"]/div/div[2]/form[2]/input[1]> content: 18911111111, Spend 0.07921123504638672 seconds
2019-04-03 13:58:41,262 - root - INFO - SUCCESS    Typed element: <xpath->//*[@id="app"]/div/div[2]/form[2]/input[2]> content: 123456, Spend 0.05815410614013672 seconds
2019-04-03 13:58:43,473 - root - INFO - ###############################  End  ###############################
2019-04-03 13:58:43,475 - root - INFO - ############################### START ###############################
2019-04-03 13:58:58,656 - root - INFO - ###############################  End  ###############################
2019-04-03 13:58:58,658 - root - INFO - ############################### START ###############################
2019-04-03 13:59:12,693 - root - INFO - ###############################  End  ###############################
2019-04-03 13:59:12,695 - root - INFO - ############################### START ###############################
2019-04-03 13:59:25,417 - root - INFO - ###############################  End  ###############################
2019-04-03 13:59:25,420 - root - INFO - ############################### START ###############################
2019-04-03 13:59:36,235 - root - INFO - SUCCESS    Clicked element: <xpath->//*[@id="app"]/div/div[2]/ul/li[1]/img>, Spend 1.0989220142364502 seconds
2019-04-03 13:59:39,335 - root - INFO - ###############################  End  ###############################
2019-04-03 13:59:39,337 - root - INFO - ############################### START ###############################
2019-04-03 13:59:52,078 - root - INFO - SUCCESS    Clicked element: <xpath->//*[@id="app"]/div/div[2]/ul/li[1]/img>, Spend 0.22547650337219238 seconds
2019-04-03 13:59:59,256 - root - INFO - ###############################  End  ###############################
2019-04-03 13:59:59,258 - root - INFO - ############################### START ###############################
2019-04-03 14:00:09,967 - root - INFO - SUCCESS    Clicked element: <xpath->//*[@id="app"]/div/div[2]/ul/li[4]/img>, Spend 1.1470508575439453 seconds
2019-04-03 14:00:16,196 - root - INFO - ###############################  End  ###############################
2019-04-03 14:00:16,198 - root - INFO - ############################### START ###############################
2019-04-03 14:00:27,299 - root - INFO - SUCCESS    Clicked element: <xpath->//*[@id="app"]/div/div[2]/ul/li[3]/img>, Spend 1.099928855895996 seconds
2019-04-03 14:00:33,451 - root - INFO - ###############################  End  ###############################
2019-04-03 14:00:33,452 - root - INFO - ############################### START ###############################
2019-04-03 14:00:44,099 - root - INFO - SUCCESS    Clicked element: <xpath->//*[@id="app"]/div/div[1]/div[1]/p>, Spend 1.221245288848877 seconds
2019-04-03 14:00:45,222 - root - INFO - SUCCESS    Clicked element: <xpath->//*[@id="app"]/div/div[1]/div[2]/input>, Spend 1.1229822635650635 seconds
2019-04-03 14:00:45,293 - root - INFO - SUCCESS    Clicked element: <xpath->//*[@id="app"]/div/div[1]/div[2]/input>, Spend 0.06918454170227051 seconds
2019-04-03 14:00:45,331 - root - INFO - SUCCESS    Typed element: <xpath->//*[@id="app"]/div/div[1]/div[2]/input> content: 98144, Spend 0.03709769248962402 seconds
2019-04-03 14:00:45,420 - root - INFO - SUCCESS    Clicked element: <xpath->//*[@id="app"]/div/div[1]/div[2]/span>, Spend 0.08923816680908203 seconds
2019-04-03 14:00:54,675 - root - INFO - ###############################  End  ###############################
2019-04-03 14:00:54,677 - root - INFO - ############################### START ###############################
2019-04-03 14:01:06,821 - root - INFO - SUCCESS    Clicked element: <xpath->//*[@id="app"]/div/div[2]/ul/li[1]/img>, Spend 2.114637613296509 seconds
2019-04-03 14:01:11,943 - root - INFO - SUCCESS    Clicked element: <xpath->//*[@id="app"]/div/div/div[2]/div[1]/div[1]/input>, Spend 0.12032008171081543 seconds
2019-04-03 14:01:12,002 - root - INFO - SUCCESS    Typed element: <xpath->//*[@id="app"]/div/div[1]/div[2]/input> content: 66671, Spend 0.059148550033569336 seconds
2019-04-03 14:01:12,099 - root - INFO - SUCCESS    Clicked element: <xpath->//*[@id="app"]/div/div[1]/div[2]/span>, Spend 0.09525299072265625 seconds
2019-04-03 14:02:05,250 - root - INFO - ###############################  End  ###############################
2019-04-03 14:02:05,251 - root - INFO - ############################### START ###############################
2019-04-03 14:02:16,401 - root - INFO - SUCCESS    Clicked element: <xpath->//*[@id="app"]/div/div[1]/div[1]/p>, Spend 1.098912000656128 seconds
2019-04-03 14:02:25,564 - root - INFO - ###############################  End  ###############################
2019-04-03 14:02:25,566 - root - INFO - ############################### START ###############################
2019-04-03 14:02:36,502 - root - INFO - SUCCESS    Clicked element: <xpath->//*[@id="app"]/div/div[2]/ul/li[2]/img>, Spend 1.1099581718444824 seconds
2019-04-03 14:02:42,662 - root - INFO - ###############################  End  ###############################
