2019-04-08 10:32:12,491 - root - INFO - ############################### START ###############################
2019-04-08 10:33:41,704 - root - INFO - SUCCESS    Typed element: <xpath->//*[@id="app"]/div/div[2]/form[2]/input[1]> content: 15100000000, Spend 0.13736224174499512 seconds
2019-04-08 10:33:41,778 - root - INFO - SUCCESS    Typed element: <xpath->//*[@id="app"]/div/div[2]/form[2]/input[2]> content: 111111, Spend 0.07319450378417969 seconds
2019-04-08 10:33:43,986 - root - INFO - ###############################  End  ###############################
2019-04-08 10:33:43,988 - root - INFO - ############################### START ###############################
2019-04-08 10:34:19,410 - root - INFO - SUCCESS    Typed element: <xpath->//*[@id="app"]/div/div[2]/form[2]/input[1]> content: 18911111111, Spend 0.09625649452209473 seconds
2019-04-08 10:34:19,468 - root - INFO - SUCCESS    Typed element: <xpath->//*[@id="app"]/div/div[2]/form[2]/input[2]> content: 123456, Spend 0.05614924430847168 seconds
2019-04-08 10:34:21,690 - root - INFO - ###############################  End  ###############################
2019-04-08 10:34:21,691 - root - INFO - ############################### START ###############################
2019-04-08 10:34:40,126 - root - INFO - ###############################  End  ###############################
2019-04-08 10:34:40,129 - root - INFO - ############################### START ###############################
2019-04-08 10:34:55,219 - root - INFO - ###############################  End  ###############################
2019-04-08 10:34:55,220 - root - INFO - ############################### START ###############################
2019-04-08 10:35:09,583 - root - INFO - ###############################  End  ###############################
2019-04-08 10:35:09,602 - root - INFO - ############################### START ###############################
2019-04-08 10:35:21,056 - root - INFO - SUCCESS    Clicked element: <xpath->//*[@id="app"]/div/div[2]/ul/li[1]/img>, Spend 1.1109521389007568 seconds
2019-04-08 10:35:24,170 - root - INFO - ###############################  End  ###############################
2019-04-08 10:35:24,171 - root - INFO - ############################### START ###############################
2019-04-08 10:35:39,086 - root - INFO - SUCCESS    Clicked element: <xpath->//*[@id="app"]/div/div[2]/ul/li[1]/img>, Spend 0.13019132614135742 seconds
2019-04-08 10:35:46,249 - root - INFO - ###############################  End  ###############################
2019-04-08 10:35:46,251 - root - INFO - ############################### START ###############################
2019-04-08 10:35:59,040 - root - INFO - SUCCESS    Clicked element: <xpath->//*[@id="app"]/div/div[2]/ul/li[4]/img>, Spend 1.107947826385498 seconds
2019-04-08 10:36:05,183 - root - INFO - ###############################  End  ###############################
2019-04-08 10:36:05,184 - root - INFO - ############################### START ###############################
2019-04-08 10:41:08,537 - root - INFO - ############################### START ###############################
2019-04-08 10:41:19,612 - root - INFO - SUCCESS    Clicked element: <xpath->//*[@id="app"]/div/div[1]/div[1]/p>, Spend 1.125993013381958 seconds
2019-04-08 10:41:20,711 - root - INFO - SUCCESS    Clicked element: <xpath->//*[@id="app"]/div/div[1]/div[2]/input>, Spend 1.098923921585083 seconds
2019-04-08 10:41:20,782 - root - INFO - SUCCESS    Clicked element: <xpath->//*[@id="app"]/div/div[1]/div[2]/input>, Spend 0.0701899528503418 seconds
2019-04-08 10:41:20,827 - root - INFO - SUCCESS    Typed element: <xpath->//*[@id="app"]/div/div[1]/div[2]/input> content: 98144, Spend 0.044118642807006836 seconds
2019-04-08 10:41:20,922 - root - INFO - SUCCESS    Clicked element: <xpath->//*[@id="app"]/div/div[1]/div[2]/span>, Spend 0.09525322914123535 seconds
2019-04-08 10:41:30,190 - root - INFO - ###############################  End  ###############################
2019-04-08 10:41:30,192 - root - INFO - ############################### START ###############################
2019-04-08 10:41:41,000 - root - INFO - SUCCESS    Clicked element: <xpath->//*[@id="app"]/div/div[2]/ul/li[1]/img>, Spend 1.101940631866455 seconds
2019-04-08 10:41:46,107 - root - INFO - SUCCESS    Clicked element: <xpath->//*[@id="app"]/div/div/div[2]/div[1]/div[1]/input>, Spend 0.10625910758972168 seconds
2019-04-08 10:41:46,162 - root - INFO - SUCCESS    Typed element: <xpath->//*[@id="app"]/div/div[1]/div[2]/input> content: 66671, Spend 0.05213618278503418 seconds
2019-04-08 10:41:46,266 - root - INFO - SUCCESS    Clicked element: <xpath->//*[@id="app"]/div/div[1]/div[2]/span>, Spend 0.10428094863891602 seconds
2019-04-08 10:42:39,413 - root - INFO - ###############################  End  ###############################
2019-04-08 10:42:39,414 - root - INFO - ############################### START ###############################
2019-04-08 10:42:57,682 - root - INFO - SUCCESS    Clicked element: <xpath->//*[@id="app"]/div/div[1]/div[1]/p>, Spend 8.237909078598022 seconds
2019-04-08 10:43:06,832 - root - INFO - ###############################  End  ###############################
2019-04-08 10:43:06,835 - root - INFO - ############################### START ###############################
2019-04-08 10:43:19,852 - root - INFO - SUCCESS    Clicked element: <xpath->//*[@id="app"]/div/div[2]/ul/li[2]/img>, Spend 1.1560742855072021 seconds
2019-04-08 10:43:26,043 - root - INFO - ###############################  End  ###############################
2019-04-08 17:54:06,104 - root - INFO - ############################### START ###############################
2019-04-08 17:54:13,545 - root - INFO - SUCCESS    Typed element: <xpath->//*[@id="app"]/div/div[2]/form[2]/input[1]> content: 15100000000, Spend 0.09425640106201172 seconds
2019-04-08 17:54:13,613 - root - INFO - SUCCESS    Typed element: <xpath->//*[@id="app"]/div/div[2]/form[2]/input[2]> content: 111111, Spend 0.06816411018371582 seconds
2019-04-08 17:54:15,834 - root - INFO - ###############################  End  ###############################
2019-04-08 17:54:15,835 - root - INFO - ############################### START ###############################
2019-04-08 17:54:22,413 - root - INFO - SUCCESS    Typed element: <xpath->//*[@id="app"]/div/div[2]/form[2]/input[1]> content: 18911111111, Spend 0.08623123168945312 seconds
2019-04-08 17:54:22,474 - root - INFO - SUCCESS    Typed element: <xpath->//*[@id="app"]/div/div[2]/form[2]/input[2]> content: 123456, Spend 0.06015944480895996 seconds
2019-04-08 17:54:24,713 - root - INFO - ###############################  End  ###############################
2019-04-08 17:54:24,714 - root - INFO - ############################### START ###############################
2019-04-08 17:54:39,590 - root - INFO - ###############################  End  ###############################
2019-04-08 17:54:39,592 - root - INFO - ############################### START ###############################
2019-04-08 17:54:55,071 - root - INFO - ###############################  End  ###############################
2019-04-08 17:54:55,072 - root - INFO - ############################### START ###############################
2019-04-08 17:55:10,660 - root - INFO - ###############################  End  ###############################
2019-04-08 17:55:10,675 - root - INFO - ############################### START ###############################
2019-04-08 17:55:21,879 - root - INFO - SUCCESS    Clicked element: <xpath->//*[@id="app"]/div/div[2]/ul/li[1]/img>, Spend 1.129002332687378 seconds
2019-04-08 17:55:25,037 - root - INFO - ###############################  End  ###############################
2019-04-08 17:55:25,038 - root - INFO - ############################### START ###############################
2019-04-08 17:55:37,804 - root - INFO - SUCCESS    Clicked element: <xpath->//*[@id="app"]/div/div[2]/ul/li[1]/img>, Spend 0.10109567642211914 seconds
2019-04-08 17:55:44,934 - root - INFO - ###############################  End  ###############################
2019-04-08 17:55:44,936 - root - INFO - ############################### START ###############################
2019-04-08 17:56:04,369 - root - INFO - FAIL    Unable to click element: <xpath->//*[@id="app"]/div/div[2]/ul/li[5]/img>, Spend 10.108073949813843 seconds
2019-04-08 17:56:07,461 - root - INFO - ###############################  End  ###############################
2019-04-08 17:56:07,485 - root - INFO - ############################### START ###############################
2019-04-08 17:56:26,686 - root - INFO - SUCCESS    Clicked element: <xpath->//*[@id="app"]/div/div[2]/ul/li[8]/img>, Spend 9.215506553649902 seconds
2019-04-08 17:56:32,872 - root - INFO - ###############################  End  ###############################
2019-04-08 17:56:32,874 - root - INFO - ############################### START ###############################
2019-04-08 17:56:53,387 - root - INFO - FAIL    Unable to click element: <xpath->//*[@id="app"]/div/div[2]/ul/li[7]/img>, Spend 10.193108558654785 seconds
2019-04-08 17:56:56,531 - root - INFO - ###############################  End  ###############################
2019-04-08 17:56:56,535 - root - INFO - ############################### START ###############################
2019-04-08 17:57:09,558 - root - INFO - SUCCESS    Clicked element: <xpath->//*[@id="app"]/div/div[2]/ul/li[4]/img>, Spend 3.1435775756835938 seconds
2019-04-08 17:57:15,680 - root - INFO - ###############################  End  ###############################
2019-04-08 17:57:15,681 - root - INFO - ############################### START ###############################
2019-04-08 17:57:26,894 - root - INFO - SUCCESS    Clicked element: <xpath->//*[@id="app"]/div/div[2]/ul/li[6]/img>, Spend 1.097888469696045 seconds
2019-04-08 17:57:33,019 - root - INFO - ###############################  End  ###############################
2019-04-08 17:57:33,020 - root - INFO - ############################### START ###############################
2019-04-08 17:57:44,378 - root - INFO - SUCCESS    Clicked element: <xpath->//*[@id="app"]/div/div[2]/ul/li[3]/img>, Spend 1.0999267101287842 seconds
2019-04-08 17:57:50,580 - root - INFO - ###############################  End  ###############################
2019-04-08 17:57:50,580 - root - INFO - ############################### START ###############################
2019-04-08 17:58:02,362 - root - INFO - SUCCESS    Clicked element: <xpath->//*[@id="app"]/div/div[1]/div[1]/p>, Spend 1.148050308227539 seconds
2019-04-08 17:58:03,514 - root - INFO - SUCCESS    Clicked element: <xpath->//*[@id="app"]/div/div[1]/div[2]/input>, Spend 1.1500582695007324 seconds
2019-04-08 17:58:03,584 - root - INFO - SUCCESS    Clicked element: <xpath->//*[@id="app"]/div/div[1]/div[2]/input>, Spend 0.0691835880279541 seconds
2019-04-08 17:58:03,622 - root - INFO - SUCCESS    Typed element: <xpath->//*[@id="app"]/div/div[1]/div[2]/input> content: 98144, Spend 0.038100481033325195 seconds
2019-04-08 17:58:03,713 - root - INFO - SUCCESS    Clicked element: <xpath->//*[@id="app"]/div/div[1]/div[2]/span>, Spend 0.09124255180358887 seconds
2019-04-08 17:58:12,972 - root - INFO - ###############################  End  ###############################
2019-04-08 17:58:12,975 - root - INFO - ############################### START ###############################
2019-04-08 17:58:24,367 - root - INFO - SUCCESS    Clicked element: <xpath->//*[@id="app"]/div/div[2]/ul/li[1]/img>, Spend 1.2192378044128418 seconds
2019-04-08 17:58:29,470 - root - INFO - SUCCESS    Clicked element: <xpath->//*[@id="app"]/div/div/div[2]/div[1]/div[1]/input>, Spend 0.10023856163024902 seconds
2019-04-08 17:58:29,526 - root - INFO - SUCCESS    Typed element: <xpath->//*[@id="app"]/div/div[1]/div[2]/input> content: 66671, Spend 0.0551455020904541 seconds
2019-04-08 17:58:29,627 - root - INFO - SUCCESS    Clicked element: <xpath->//*[@id="app"]/div/div[1]/div[2]/span>, Spend 0.10127067565917969 seconds
2019-04-08 17:59:22,913 - root - INFO - ###############################  End  ###############################
2019-04-08 17:59:22,915 - root - INFO - ############################### START ###############################
2019-04-08 17:59:33,632 - root - INFO - SUCCESS    Clicked element: <xpath->//*[@id="app"]/div/div[1]/div[1]/p>, Spend 1.1069421768188477 seconds
2019-04-08 17:59:42,884 - root - INFO - ###############################  End  ###############################
2019-04-08 17:59:42,886 - root - INFO - ############################### START ###############################
2019-04-08 17:59:53,269 - root - INFO - SUCCESS    Clicked element: <xpath->//*[@id="app"]/div/div[2]/ul/li[2]/img>, Spend 1.0989222526550293 seconds
2019-04-08 17:59:59,424 - root - INFO - ###############################  End  ###############################
