2019-03-27 11:01:07,091 - root - INFO - ############################### START ###############################
2019-03-27 11:01:16,251 - root - INFO - SUCCESS    Typed element: <xpath->//*[@id="app"]/div/div[2]/form[2]/input[1]> content: 15100000000, Spend 0.08221817016601562 seconds
2019-03-27 11:01:16,312 - root - INFO - SUCCESS    Typed element: <xpath->//*[@id="app"]/div/div[2]/form[2]/input[2]> content: 111111, Spend 0.05917811393737793 seconds
2019-03-27 11:01:21,512 - root - INFO - ###############################  End  ###############################
2019-03-27 11:01:21,514 - root - INFO - ############################### START ###############################
2019-03-27 11:01:30,111 - root - INFO - SUCCESS    Typed element: <xpath->//*[@id="app"]/div/div[2]/form[2]/input[1]> content: 15110048200, Spend 0.15340948104858398 seconds
2019-03-27 11:01:30,171 - root - INFO - SUCCESS    Typed element: <xpath->//*[@id="app"]/div/div[2]/form[2]/input[2]> content: 123456, Spend 0.060159921646118164 seconds
2019-03-27 11:01:32,484 - root - INFO - ###############################  End  ###############################
2019-03-27 11:01:32,485 - root - INFO - ############################### START ###############################
2019-03-27 11:01:49,285 - root - INFO - ###############################  End  ###############################
2019-03-27 11:01:49,288 - root - INFO - ############################### START ###############################
2019-03-27 11:02:03,899 - root - INFO - ###############################  End  ###############################
2019-03-27 11:04:16,171 - root - INFO - ############################### START ###############################
2019-03-27 11:04:24,612 - root - INFO - SUCCESS    Typed element: <xpath->//*[@id="app"]/div/div[2]/form[2]/input[1]> content: 15100000000, Spend 0.08922743797302246 seconds
2019-03-27 11:04:24,675 - root - INFO - SUCCESS    Typed element: <xpath->//*[@id="app"]/div/div[2]/form[2]/input[2]> content: 111111, Spend 0.06314778327941895 seconds
2019-03-27 11:04:27,808 - root - INFO - SUCCESS    Get element text element: <xpath->//*[@id="app"]/div/div[2]/div[2]/span>, Spend 0.03208518028259277 seconds
2019-03-27 11:04:29,929 - root - INFO - ###############################  End  ###############################
2019-03-27 11:04:29,931 - root - INFO - ############################### START ###############################
2019-03-27 11:04:35,512 - root - INFO - SUCCESS    Typed element: <xpath->//*[@id="app"]/div/div[2]/form[2]/input[1]> content: 15110048200, Spend 0.07520008087158203 seconds
2019-03-27 11:04:35,565 - root - INFO - SUCCESS    Typed element: <xpath->//*[@id="app"]/div/div[2]/form[2]/input[2]> content: 123456, Spend 0.053141117095947266 seconds
2019-03-27 11:04:35,691 - root - INFO - SUCCESS    Get element text element: <xpath->//*[@id="app"]/div/div[2]/div[2]/span>, Spend 0.03208565711975098 seconds
2019-03-27 11:04:37,835 - root - INFO - ###############################  End  ###############################
2019-03-27 11:04:37,838 - root - INFO - ############################### START ###############################
2019-03-27 11:04:52,764 - root - INFO - ###############################  End  ###############################
2019-03-27 11:04:52,768 - root - INFO - ############################### START ###############################
2019-03-27 11:05:07,184 - root - INFO - ###############################  End  ###############################
2019-03-27 11:09:55,927 - root - INFO - ############################### START ###############################
2019-03-27 11:10:03,012 - root - INFO - SUCCESS    Typed element: <xpath->//*[@id="app"]/div/div[2]/form[2]/input[1]> content: 15100000000, Spend 0.083221435546875 seconds
2019-03-27 11:10:03,072 - root - INFO - SUCCESS    Typed element: <xpath->//*[@id="app"]/div/div[2]/form[2]/input[2]> content: 111111, Spend 0.0591578483581543 seconds
2019-03-27 11:10:08,320 - root - INFO - ###############################  End  ###############################
2019-03-27 11:10:08,327 - root - INFO - ############################### START ###############################
2019-03-27 11:10:14,668 - root - INFO - SUCCESS    Typed element: <xpath->//*[@id="app"]/div/div[2]/form[2]/input[1]> content: 15110048200, Spend 0.0932466983795166 seconds
2019-03-27 11:10:14,749 - root - INFO - SUCCESS    Typed element: <xpath->//*[@id="app"]/div/div[2]/form[2]/input[2]> content: 123456, Spend 0.08121562004089355 seconds
2019-03-27 11:10:16,967 - root - INFO - ###############################  End  ###############################
2019-03-27 11:10:16,971 - root - INFO - ############################### START ###############################
2019-03-27 11:10:32,175 - root - INFO - ###############################  End  ###############################
2019-03-27 11:10:32,176 - root - INFO - ############################### START ###############################
2019-03-27 11:10:46,815 - root - INFO - ###############################  End  ###############################
2019-03-27 11:16:36,668 - root - INFO - ############################### START ###############################
2019-03-27 11:16:43,877 - root - INFO - SUCCESS    Typed element: <xpath->//*[@id="app"]/div/div[2]/form[2]/input[1]> content: 15100000000, Spend 0.08222031593322754 seconds
2019-03-27 11:16:43,944 - root - INFO - SUCCESS    Typed element: <xpath->//*[@id="app"]/div/div[2]/form[2]/input[2]> content: 111111, Spend 0.06517219543457031 seconds
2019-03-27 11:16:49,168 - root - INFO - ###############################  End  ###############################
2019-03-27 11:16:49,171 - root - INFO - ############################### START ###############################
2019-03-27 11:16:55,128 - root - INFO - SUCCESS    Typed element: <xpath->//*[@id="app"]/div/div[2]/form[2]/input[1]> content: 15110048200, Spend 0.1002659797668457 seconds
2019-03-27 11:16:55,191 - root - INFO - SUCCESS    Typed element: <xpath->//*[@id="app"]/div/div[2]/form[2]/input[2]> content: 123456, Spend 0.06316709518432617 seconds
2019-03-27 11:16:57,415 - root - INFO - ###############################  End  ###############################
2019-03-27 11:16:57,417 - root - INFO - ############################### START ###############################
2019-03-27 11:17:16,599 - root - INFO - ###############################  End  ###############################
2019-03-27 11:17:16,601 - root - INFO - ############################### START ###############################
2019-03-27 11:17:31,135 - root - INFO - ###############################  End  ###############################
2019-03-27 11:31:55,890 - root - INFO - ############################### START ###############################
2019-03-27 11:32:03,582 - root - INFO - SUCCESS    Typed element: <xpath->//*[@id="app"]/div/div[2]/form[2]/input[1]> content: 15100000000, Spend 0.08420348167419434 seconds
2019-03-27 11:32:03,652 - root - INFO - SUCCESS    Typed element: <xpath->//*[@id="app"]/div/div[2]/form[2]/input[2]> content: 111111, Spend 0.06818246841430664 seconds
2019-03-27 11:32:06,778 - root - INFO - SUCCESS    Get attribute element: <xpath->//*[@id="app"]/div/div[2]/div[2]/span>,attribute: textContent, Spend 0.027073383331298828 seconds
2019-03-27 11:32:08,899 - root - INFO - ###############################  End  ###############################
2019-03-27 11:32:08,902 - root - INFO - ############################### START ###############################
2019-03-27 11:32:14,472 - root - INFO - SUCCESS    Typed element: <xpath->//*[@id="app"]/div/div[2]/form[2]/input[1]> content: 15110048200, Spend 0.0872335433959961 seconds
2019-03-27 11:32:14,539 - root - INFO - SUCCESS    Typed element: <xpath->//*[@id="app"]/div/div[2]/form[2]/input[2]> content: 123456, Spend 0.06617331504821777 seconds
2019-03-27 11:32:14,655 - root - INFO - SUCCESS    Get attribute element: <xpath->//*[@id="app"]/div/div[2]/div[2]/span>,attribute: textContent, Spend 0.020053625106811523 seconds
2019-03-27 11:32:16,760 - root - INFO - ###############################  End  ###############################
2019-03-27 11:32:16,761 - root - INFO - ############################### START ###############################
2019-03-27 11:32:30,931 - root - INFO - ###############################  End  ###############################
2019-03-27 11:32:30,933 - root - INFO - ############################### START ###############################
2019-03-27 11:32:45,302 - root - INFO - ###############################  End  ###############################
2019-03-27 11:43:09,326 - root - INFO - ############################### START ###############################
2019-03-27 11:43:14,562 - root - INFO - SUCCESS    Typed element: <xpath->//*[@id="app"]/div/div[2]/form[2]/input[1]> content: 15100000000, Spend 0.08121418952941895 seconds
2019-03-27 11:43:14,627 - root - INFO - SUCCESS    Typed element: <xpath->//*[@id="app"]/div/div[2]/form[2]/input[2]> content: 111111, Spend 0.06418323516845703 seconds
2019-03-27 11:43:19,906 - root - INFO - ###############################  End  ###############################
2019-03-27 11:43:19,908 - root - INFO - ############################### START ###############################
2019-03-27 11:43:25,715 - root - INFO - SUCCESS    Typed element: <xpath->//*[@id="app"]/div/div[2]/form[2]/input[1]> content: 15110048200, Spend 0.08422422409057617 seconds
2019-03-27 11:43:25,782 - root - INFO - SUCCESS    Typed element: <xpath->//*[@id="app"]/div/div[2]/form[2]/input[2]> content: 123456, Spend 0.06617546081542969 seconds
2019-03-27 11:43:27,998 - root - INFO - ###############################  End  ###############################
2019-03-27 11:43:28,000 - root - INFO - ############################### START ###############################
2019-03-27 11:43:41,734 - root - INFO - ###############################  End  ###############################
2019-03-27 11:43:41,735 - root - INFO - ############################### START ###############################
2019-03-27 11:43:55,802 - root - INFO - ###############################  End  ###############################
2019-03-27 11:45:46,171 - root - INFO - ############################### START ###############################
2019-03-27 11:45:51,822 - root - INFO - SUCCESS    Typed element: <xpath->//*[@id="app"]/div/div[2]/form[2]/input[1]> content: 15100000000, Spend 0.1283426284790039 seconds
2019-03-27 11:45:51,905 - root - INFO - SUCCESS    Typed element: <xpath->//*[@id="app"]/div/div[2]/form[2]/input[2]> content: 111111, Spend 0.0832209587097168 seconds
2019-03-27 11:45:57,208 - root - INFO - ###############################  End  ###############################
2019-03-27 11:45:57,212 - root - INFO - ############################### START ###############################
2019-03-27 11:46:02,484 - root - INFO - SUCCESS    Typed element: <xpath->//*[@id="app"]/div/div[2]/form[2]/input[1]> content: 15110048200, Spend 0.08220553398132324 seconds
2019-03-27 11:46:02,541 - root - INFO - SUCCESS    Typed element: <xpath->//*[@id="app"]/div/div[2]/form[2]/input[2]> content: 123456, Spend 0.056150197982788086 seconds
2019-03-27 11:46:04,752 - root - INFO - ###############################  End  ###############################
2019-03-27 11:46:04,755 - root - INFO - ############################### START ###############################
2019-03-27 11:46:18,420 - root - INFO - ###############################  End  ###############################
2019-03-27 11:46:18,422 - root - INFO - ############################### START ###############################
2019-03-27 11:46:32,677 - root - INFO - ###############################  End  ###############################
2019-03-27 11:57:00,394 - root - INFO - ############################### START ###############################
2019-03-27 11:57:08,955 - root - INFO - SUCCESS    Typed element: <xpath->//*[@id="app"]/div/div[2]/form[2]/input[1]> content: 15100000000, Spend 0.08223080635070801 seconds
2019-03-27 11:57:09,013 - root - INFO - SUCCESS    Typed element: <xpath->//*[@id="app"]/div/div[2]/form[2]/input[2]> content: 111111, Spend 0.05815529823303223 seconds
2019-03-27 11:57:14,238 - root - INFO - ###############################  End  ###############################
2019-03-27 11:57:14,242 - root - INFO - ############################### START ###############################
2019-03-27 11:57:20,406 - root - INFO - SUCCESS    Typed element: <xpath->//*[@id="app"]/div/div[2]/form[2]/input[1]> content: 15110048200, Spend 0.07819509506225586 seconds
2019-03-27 11:57:20,462 - root - INFO - SUCCESS    Typed element: <xpath->//*[@id="app"]/div/div[2]/form[2]/input[2]> content: 123456, Spend 0.05614924430847168 seconds
2019-03-27 11:57:22,689 - root - INFO - ###############################  End  ###############################
2019-03-27 11:57:22,691 - root - INFO - ############################### START ###############################
2019-03-27 11:57:36,886 - root - INFO - ###############################  End  ###############################
2019-03-27 11:57:36,889 - root - INFO - ############################### START ###############################
2019-03-27 11:57:50,978 - root - INFO - ###############################  End  ###############################
2019-03-27 12:00:35,866 - root - INFO - ############################### START ###############################
2019-03-27 12:00:41,975 - root - INFO - SUCCESS    Typed element: <xpath->//*[@id="app"]/div/div[2]/form[2]/input[1]> content: 15100000000, Spend 0.07520055770874023 seconds
2019-03-27 12:00:42,030 - root - INFO - SUCCESS    Typed element: <xpath->//*[@id="app"]/div/div[2]/form[2]/input[2]> content: 111111, Spend 0.05414295196533203 seconds
2019-03-27 12:00:44,242 - root - INFO - ###############################  End  ###############################
2019-03-27 12:00:44,246 - root - INFO - ############################### START ###############################
2019-03-27 12:00:50,214 - root - INFO - SUCCESS    Typed element: <xpath->//*[@id="app"]/div/div[2]/form[2]/input[1]> content: 15110048200, Spend 0.07720375061035156 seconds
2019-03-27 12:00:50,276 - root - INFO - SUCCESS    Typed element: <xpath->//*[@id="app"]/div/div[2]/form[2]/input[2]> content: 123456, Spend 0.06216573715209961 seconds
2019-03-27 12:00:52,492 - root - INFO - ###############################  End  ###############################
2019-03-27 12:00:52,493 - root - INFO - ############################### START ###############################
2019-03-27 12:01:06,263 - root - INFO - ###############################  End  ###############################
2019-03-27 12:01:06,264 - root - INFO - ############################### START ###############################
2019-03-27 12:01:19,878 - root - INFO - ###############################  End  ###############################
2019-03-27 12:59:45,357 - root - INFO - ############################### START ###############################
2019-03-27 12:59:54,696 - root - INFO - SUCCESS    Typed element: <xpath->//*[@id="app"]/div/div[2]/form[2]/input[1]> content: 15100000000, Spend 0.08422231674194336 seconds
2019-03-27 12:59:54,763 - root - INFO - SUCCESS    Typed element: <xpath->//*[@id="app"]/div/div[2]/form[2]/input[2]> content: 111111, Spend 0.0661764144897461 seconds
2019-03-27 12:59:57,009 - root - INFO - ###############################  End  ###############################
2019-03-27 13:00:19,185 - root - INFO - ############################### START ###############################
2019-03-27 13:00:26,311 - root - INFO - SUCCESS    Typed element: <xpath->//*[@id="app"]/div/div[2]/form[2]/input[1]> content: 15100000000, Spend 0.08223962783813477 seconds
2019-03-27 13:00:26,368 - root - INFO - SUCCESS    Typed element: <xpath->//*[@id="app"]/div/div[2]/form[2]/input[2]> content: 111111, Spend 0.05614972114562988 seconds
2019-03-27 13:00:28,602 - root - INFO - ###############################  End  ###############################
2019-03-27 13:00:28,604 - root - INFO - ############################### START ###############################
2019-03-27 13:00:36,165 - root - INFO - SUCCESS    Typed element: <xpath->//*[@id="app"]/div/div[2]/form[2]/input[1]> content: 15110048200, Spend 0.09224438667297363 seconds
2019-03-27 13:00:36,230 - root - INFO - SUCCESS    Typed element: <xpath->//*[@id="app"]/div/div[2]/form[2]/input[2]> content: 123456, Spend 0.06418323516845703 seconds
2019-03-27 13:00:38,496 - root - INFO - ###############################  End  ###############################
2019-03-27 13:00:38,497 - root - INFO - ############################### START ###############################
2019-03-27 13:00:54,538 - root - INFO - ###############################  End  ###############################
2019-03-27 13:00:54,539 - root - INFO - ############################### START ###############################
2019-03-27 13:01:10,084 - root - INFO - ###############################  End  ###############################
2019-03-27 13:54:25,770 - root - INFO - ############################### START ###############################
2019-03-27 13:54:33,728 - root - INFO - SUCCESS    Typed element: <xpath->//*[@id="app"]/div/div[2]/form[2]/input[1]> content: 15100000000, Spend 0.08221769332885742 seconds
2019-03-27 13:54:33,789 - root - INFO - SUCCESS    Typed element: <xpath->//*[@id="app"]/div/div[2]/form[2]/input[2]> content: 111111, Spend 0.06116199493408203 seconds
2019-03-27 13:54:36,036 - root - INFO - ###############################  End  ###############################
2019-03-27 13:54:36,036 - root - INFO - ############################### START ###############################
2019-03-27 13:54:43,230 - root - INFO - SUCCESS    Typed element: <xpath->//*[@id="app"]/div/div[2]/form[2]/input[1]> content: 15110048200, Spend 0.07720613479614258 seconds
2019-03-27 13:54:43,295 - root - INFO - SUCCESS    Typed element: <xpath->//*[@id="app"]/div/div[2]/form[2]/input[2]> content: 123456, Spend 0.06417036056518555 seconds
2019-03-27 13:54:45,561 - root - INFO - ###############################  End  ###############################
2019-03-27 13:54:45,562 - root - INFO - ############################### START ###############################
2019-03-27 13:55:01,807 - root - INFO - ###############################  End  ###############################
2019-03-27 13:55:01,808 - root - INFO - ############################### START ###############################
2019-03-27 13:55:15,764 - root - INFO - ###############################  End  ###############################
2019-03-27 16:17:17,304 - root - INFO - ############################### START ###############################
2019-03-27 16:17:34,811 - root - INFO - ###############################  End  ###############################
2019-03-27 16:18:00,527 - root - INFO - ############################### START ###############################
2019-03-27 16:18:39,073 - root - INFO - ###############################  End  ###############################
2019-03-27 16:19:06,688 - root - INFO - ############################### START ###############################
2019-03-27 16:19:34,409 - root - INFO - ###############################  End  ###############################
2019-03-27 16:20:59,871 - root - INFO - ############################### START ###############################
2019-03-27 16:21:28,388 - root - INFO - ###############################  End  ###############################
2019-03-27 16:21:31,469 - root - INFO - ############################### START ###############################
2019-03-27 16:21:59,645 - root - INFO - ###############################  End  ###############################
2019-03-27 16:23:36,509 - root - INFO - ############################### START ###############################
2019-03-27 16:24:14,652 - root - INFO - ############################### START ###############################
2019-03-27 16:25:46,068 - root - INFO - ############################### START ###############################
2019-03-27 16:28:09,150 - root - INFO - ############################### START ###############################
2019-03-27 16:56:02,561 - root - INFO - ############################### START ###############################
2019-03-27 17:05:27,565 - root - INFO - ############################### START ###############################
2019-03-27 17:06:15,156 - root - INFO - ############################### START ###############################
2019-03-27 17:19:43,950 - root - INFO - ############################### START ###############################
2019-03-27 17:21:26,104 - root - INFO - ############################### START ###############################
2019-03-27 17:21:54,985 - root - INFO - ###############################  End  ###############################
2019-03-27 17:22:58,630 - root - INFO - ############################### START ###############################
2019-03-27 17:26:37,567 - root - INFO - ############################### START ###############################
2019-03-27 17:29:12,294 - root - INFO - ############################### START ###############################
2019-03-27 17:29:41,558 - root - INFO - ############################### START ###############################
2019-03-27 17:30:14,033 - root - INFO - ###############################  End  ###############################
2019-03-27 17:37:45,095 - root - INFO - ############################### START ###############################
2019-03-27 17:38:22,228 - root - INFO - ############################### START ###############################
2019-03-27 17:38:33,897 - root - INFO - SUCCESS    Clicked element: <xpath->//*[@id="app"]/div/div[1]/div[1]/p>, Spend 1.2082102298736572 seconds
2019-03-27 17:38:37,067 - root - INFO - ###############################  End  ###############################
2019-03-27 17:50:05,876 - root - INFO - ############################### START ###############################
2019-03-27 17:50:18,231 - root - INFO - SUCCESS    Clicked element: <xpath->//*[@id="app"]/div/div[1]/div[1]/p>, Spend 1.0949106216430664 seconds
2019-03-27 17:50:21,393 - root - INFO - ###############################  End  ###############################
2019-03-27 17:50:59,978 - root - INFO - ############################### START ###############################
2019-03-27 17:51:19,939 - root - INFO - FAIL    Unable to type element: <xpath->//*[@id="app"]/div/div[1]/div[2]/input> content: 98144, Spend 10.20116138458252 seconds
2019-03-27 17:51:32,113 - root - INFO - ###############################  End  ###############################
2019-03-27 17:51:32,143 - root - INFO - ############################### START ###############################
2019-03-27 17:51:43,127 - root - INFO - SUCCESS    Clicked element: <xpath->//*[@id="app"]/div/div[1]/div[1]/p>, Spend 1.225266695022583 seconds
2019-03-27 17:51:55,309 - root - INFO - ###############################  End  ###############################
2019-03-27 17:57:41,498 - root - INFO - ############################### START ###############################
2019-03-27 17:58:03,385 - root - INFO - FAIL    Unable to click element: <xpath->//*[@id="app"]/div/div[1]/div[2]/input>, Spend 10.14998459815979 seconds
2019-03-27 17:58:15,592 - root - INFO - ###############################  End  ###############################
2019-03-27 17:58:15,607 - root - INFO - ############################### START ###############################
2019-03-27 17:58:27,207 - root - INFO - SUCCESS    Clicked element: <xpath->//*[@id="app"]/div/div[1]/div[1]/p>, Spend 1.097917079925537 seconds
2019-03-27 17:58:39,374 - root - INFO - ###############################  End  ###############################
2019-03-27 18:01:21,642 - root - INFO - ############################### START ###############################
2019-03-27 18:01:41,470 - root - INFO - FAIL    Unable to click element: <xpath->//*[@id="app"]/div/div[1]/div[2]/input>, Spend 10.153992414474487 seconds
2019-03-27 18:01:53,620 - root - INFO - ###############################  End  ###############################
2019-03-27 18:01:53,626 - root - INFO - ############################### START ###############################
2019-03-27 18:02:05,170 - root - INFO - SUCCESS    Clicked element: <xpath->//*[@id="app"]/div/div[1]/div[1]/p>, Spend 1.105940341949463 seconds
2019-03-27 18:02:17,355 - root - INFO - ###############################  End  ###############################
2019-03-27 18:03:59,898 - root - INFO - ############################### START ###############################
2019-03-27 18:04:32,386 - root - INFO - ###############################  End  ###############################
2019-03-27 18:04:32,391 - root - INFO - ############################### START ###############################
2019-03-27 18:04:43,566 - root - INFO - SUCCESS    Clicked element: <xpath->//*[@id="app"]/div/div[1]/div[1]/p>, Spend 1.1089448928833008 seconds
2019-03-27 18:04:55,769 - root - INFO - ###############################  End  ###############################
2019-03-27 18:07:51,265 - root - INFO - ############################### START ###############################
2019-03-27 18:08:13,363 - root - INFO - FAIL    Unable to type element: <xpath->//*[@id="app"]/div/div[1]/div[2]/input> content: 98144, Spend 10.11491584777832 seconds
2019-03-27 18:08:16,528 - root - INFO - ###############################  End  ###############################
2019-03-27 18:08:16,533 - root - INFO - ############################### START ###############################
2019-03-27 18:08:28,618 - root - INFO - SUCCESS    Clicked element: <xpath->//*[@id="app"]/div/div[1]/div[1]/p>, Spend 2.1787919998168945 seconds
2019-03-27 18:08:31,791 - root - INFO - ###############################  End  ###############################
2019-03-27 18:10:13,927 - root - INFO - ############################### START ###############################
2019-03-27 18:10:24,436 - root - INFO - FAIL    Unable to type element: <//*[@id="app"]/div/div[1]/div[2]/input> content: 98144, Spend 0.0 seconds
2019-03-27 18:10:27,542 - root - INFO - ###############################  End  ###############################
2019-03-27 18:10:27,555 - root - INFO - ############################### START ###############################
2019-03-27 18:10:38,197 - root - INFO - SUCCESS    Clicked element: <xpath->//*[@id="app"]/div/div[1]/div[1]/p>, Spend 1.0959107875823975 seconds
2019-03-27 18:10:41,310 - root - INFO - ###############################  End  ###############################
2019-03-27 18:21:08,977 - root - INFO - ############################### START ###############################
2019-03-27 18:21:20,124 - root - INFO - SUCCESS    Clicked element: <xpath->//*[@id="app"]/div/div[1]/div[1]/p>, Spend 1.189157247543335 seconds
2019-03-27 18:21:21,267 - root - INFO - SUCCESS    Clicked element: <xpath->//*[@id="app"]/div/div[1]/div[2]/input>, Spend 1.1420373916625977 seconds
2019-03-27 18:21:21,359 - root - INFO - SUCCESS    Clicked element: <xpath->//*[@id="app"]/div/div[1]/div[2]/input>, Spend 0.09123086929321289 seconds
2019-03-27 18:21:21,360 - root - INFO - FAIL    Unable to type element: <//*[@id="app"]/div/div[1]/div[2]/input> content: 98144, Spend 0.0 seconds
2019-03-27 18:21:24,615 - root - INFO - ###############################  End  ###############################
2019-03-27 18:21:24,623 - root - INFO - ############################### START ###############################
2019-03-27 18:21:35,406 - root - INFO - SUCCESS    Clicked element: <xpath->//*[@id="app"]/div/div[1]/div[1]/p>, Spend 1.1179733276367188 seconds
2019-03-27 18:21:38,545 - root - INFO - ###############################  End  ###############################
2019-03-27 18:24:20,932 - root - INFO - ############################### START ###############################
2019-03-27 18:24:33,632 - root - INFO - SUCCESS    Clicked element: <xpath->//*[@id="app"]/div/div[1]/div[1]/p>, Spend 1.1039409637451172 seconds
2019-03-27 18:24:34,739 - root - INFO - SUCCESS    Clicked element: <xpath->//*[@id="app"]/div/div[1]/div[2]/input>, Spend 1.1049389839172363 seconds
2019-03-27 18:24:34,813 - root - INFO - SUCCESS    Clicked element: <xpath->//*[@id="app"]/div/div[1]/div[2]/input>, Spend 0.07419705390930176 seconds
2019-03-27 18:24:34,858 - root - INFO - SUCCESS    Typed element: <xpath->//*[@id="app"]/div/div[1]/div[2]/input> content: 98144, Spend 0.044116973876953125 seconds
2019-03-27 18:24:34,956 - root - INFO - SUCCESS    Clicked element: <xpath->//*[@id="app"]/div/div[1]/div[2]/span>, Spend 0.09727144241333008 seconds
2019-03-27 18:24:38,065 - root - INFO - ###############################  End  ###############################
2019-03-27 18:24:38,069 - root - INFO - ############################### START ###############################
2019-03-27 18:24:49,127 - root - INFO - SUCCESS    Clicked element: <xpath->//*[@id="app"]/div/div[1]/div[1]/p>, Spend 1.207205057144165 seconds
2019-03-27 18:24:52,282 - root - INFO - ###############################  End  ###############################
2019-03-27 18:38:27,675 - root - INFO - ############################### START ###############################
2019-03-27 18:38:39,991 - root - INFO - SUCCESS    Clicked element: <xpath->//*[@id="app"]/div/div[1]/div[1]/p>, Spend 1.099923849105835 seconds
2019-03-27 18:38:41,089 - root - INFO - SUCCESS    Clicked element: <xpath->//*[@id="app"]/div/div[1]/div[2]/input>, Spend 1.0979018211364746 seconds
2019-03-27 18:38:41,160 - root - INFO - SUCCESS    Clicked element: <xpath->//*[@id="app"]/div/div[1]/div[2]/input>, Spend 0.06918549537658691 seconds
2019-03-27 18:38:41,218 - root - INFO - SUCCESS    Typed element: <xpath->//*[@id="app"]/div/div[1]/div[2]/input> content: 98144, Spend 0.05815482139587402 seconds
2019-03-27 18:38:41,324 - root - INFO - SUCCESS    Clicked element: <xpath->//*[@id="app"]/div/div[1]/div[2]/span>, Spend 0.10528063774108887 seconds
2019-03-27 18:38:44,511 - root - INFO - ###############################  End  ###############################
2019-03-27 18:38:44,515 - root - INFO - ############################### START ###############################
2019-03-27 18:38:55,513 - root - INFO - SUCCESS    Clicked element: <xpath->//*[@id="app"]/div/div[1]/div[1]/p>, Spend 1.1239855289459229 seconds
2019-03-27 18:38:58,671 - root - INFO - ###############################  End  ###############################
2019-03-27 18:40:27,982 - root - INFO - ############################### START ###############################
2019-03-27 18:40:33,382 - root - INFO - SUCCESS    Typed element: <xpath->//*[@id="app"]/div/div[2]/form[2]/input[1]> content: 15100000000, Spend 0.08422207832336426 seconds
2019-03-27 18:40:33,789 - root - INFO - SUCCESS    Typed element: <xpath->//*[@id="app"]/div/div[2]/form[2]/input[2]> content: 111111, Spend 0.4050767421722412 seconds
2019-03-27 18:40:36,029 - root - INFO - ###############################  End  ###############################
2019-03-27 18:40:36,030 - root - INFO - ############################### START ###############################
2019-03-27 18:40:42,366 - root - INFO - SUCCESS    Typed element: <xpath->//*[@id="app"]/div/div[2]/form[2]/input[1]> content: 18911111111, Spend 0.08522701263427734 seconds
2019-03-27 18:40:42,424 - root - INFO - SUCCESS    Typed element: <xpath->//*[@id="app"]/div/div[2]/form[2]/input[2]> content: 123456, Spend 0.05715155601501465 seconds
2019-03-27 18:40:44,660 - root - INFO - ###############################  End  ###############################
2019-03-27 18:40:44,660 - root - INFO - ############################### START ###############################
2019-03-27 18:40:58,671 - root - INFO - ###############################  End  ###############################
2019-03-27 18:40:58,672 - root - INFO - ############################### START ###############################
2019-03-27 18:41:12,740 - root - INFO - ###############################  End  ###############################
2019-03-27 18:41:12,741 - root - INFO - ############################### START ###############################
2019-03-27 18:41:25,136 - root - INFO - SUCCESS    Clicked element: <xpath->//*[@id="app"]/div/div[1]/div[1]/p>, Spend 2.115626335144043 seconds
2019-03-27 18:41:26,238 - root - INFO - SUCCESS    Clicked element: <xpath->//*[@id="app"]/div/div[1]/div[2]/input>, Spend 1.101335048675537 seconds
2019-03-27 18:41:26,369 - root - INFO - SUCCESS    Clicked element: <xpath->//*[@id="app"]/div/div[1]/div[2]/input>, Spend 0.12934517860412598 seconds
2019-03-27 18:41:26,462 - root - INFO - SUCCESS    Typed element: <xpath->//*[@id="app"]/div/div[1]/div[2]/input> content: 98144, Spend 0.09224510192871094 seconds
2019-03-27 18:41:26,573 - root - INFO - SUCCESS    Clicked element: <xpath->//*[@id="app"]/div/div[1]/div[2]/span>, Spend 0.10973167419433594 seconds
2019-03-27 18:41:29,736 - root - INFO - ###############################  End  ###############################
2019-03-27 18:41:29,739 - root - INFO - ############################### START ###############################
2019-03-27 18:41:41,003 - root - INFO - SUCCESS    Clicked element: <xpath->//*[@id="app"]/div/div[1]/div[1]/p>, Spend 1.1089472770690918 seconds
2019-03-27 18:41:44,178 - root - INFO - ###############################  End  ###############################
2019-03-27 18:46:30,749 - root - INFO - ############################### START ###############################
2019-03-27 18:46:36,357 - root - INFO - SUCCESS    Typed element: <xpath->//*[@id="app"]/div/div[2]/form[2]/input[1]> content: 15100000000, Spend 0.09324765205383301 seconds
2019-03-27 18:46:36,418 - root - INFO - SUCCESS    Typed element: <xpath->//*[@id="app"]/div/div[2]/form[2]/input[2]> content: 111111, Spend 0.06116080284118652 seconds
2019-03-27 18:46:38,651 - root - INFO - ###############################  End  ###############################
2019-03-27 18:46:38,654 - root - INFO - ############################### START ###############################
2019-03-27 18:46:44,268 - root - INFO - SUCCESS    Typed element: <xpath->//*[@id="app"]/div/div[2]/form[2]/input[1]> content: 18911111111, Spend 0.07920980453491211 seconds
2019-03-27 18:46:44,335 - root - INFO - SUCCESS    Typed element: <xpath->//*[@id="app"]/div/div[2]/form[2]/input[2]> content: 123456, Spend 0.06517267227172852 seconds
2019-03-27 18:46:46,567 - root - INFO - ###############################  End  ###############################
2019-03-27 18:46:46,568 - root - INFO - ############################### START ###############################
2019-03-27 18:47:00,209 - root - INFO - ###############################  End  ###############################
2019-03-27 18:47:00,211 - root - INFO - ############################### START ###############################
2019-03-27 18:47:14,486 - root - INFO - ###############################  End  ###############################
2019-03-27 18:47:14,487 - root - INFO - ############################### START ###############################
2019-03-27 18:47:25,898 - root - INFO - SUCCESS    Clicked element: <xpath->//*[@id="app"]/div/div[1]/div[1]/p>, Spend 1.1660990715026855 seconds
2019-03-27 18:47:27,013 - root - INFO - SUCCESS    Clicked element: <xpath->//*[@id="app"]/div/div[1]/div[2]/input>, Spend 1.1139633655548096 seconds
2019-03-27 18:47:27,126 - root - INFO - SUCCESS    Clicked element: <xpath->//*[@id="app"]/div/div[1]/div[2]/input>, Spend 0.11029624938964844 seconds
2019-03-27 18:47:27,214 - root - INFO - SUCCESS    Typed element: <xpath->//*[@id="app"]/div/div[1]/div[2]/input> content: 98144, Spend 0.08823370933532715 seconds
2019-03-27 18:47:27,331 - root - INFO - SUCCESS    Clicked element: <xpath->//*[@id="app"]/div/div[1]/div[2]/span>, Spend 0.11630845069885254 seconds
2019-03-27 18:47:30,472 - root - INFO - ###############################  End  ###############################
2019-03-27 18:47:30,476 - root - INFO - ############################### START ###############################
2019-03-27 18:47:41,423 - root - INFO - SUCCESS    Clicked element: <xpath->//*[@id="app"]/div/div[1]/div[1]/p>, Spend 1.104936122894287 seconds
2019-03-27 18:47:44,589 - root - INFO - ###############################  End  ###############################
2019-03-27 18:49:23,822 - root - INFO - ############################### START ###############################
2019-03-27 18:49:29,361 - root - INFO - SUCCESS    Typed element: <xpath->//*[@id="app"]/div/div[2]/form[2]/input[1]> content: 15100000000, Spend 0.07820725440979004 seconds
2019-03-27 18:49:29,423 - root - INFO - SUCCESS    Typed element: <xpath->//*[@id="app"]/div/div[2]/form[2]/input[2]> content: 111111, Spend 0.06116223335266113 seconds
2019-03-27 18:49:31,663 - root - INFO - ###############################  End  ###############################
2019-03-27 18:49:31,665 - root - INFO - ############################### START ###############################
2019-03-27 18:49:37,538 - root - INFO - SUCCESS    Typed element: <xpath->//*[@id="app"]/div/div[2]/form[2]/input[1]> content: 18911111111, Spend 0.097259521484375 seconds
2019-03-27 18:49:37,601 - root - INFO - SUCCESS    Typed element: <xpath->//*[@id="app"]/div/div[2]/form[2]/input[2]> content: 123456, Spend 0.06015920639038086 seconds
2019-03-27 18:49:39,858 - root - INFO - ###############################  End  ###############################
2019-03-27 18:49:39,859 - root - INFO - ############################### START ###############################
2019-03-27 18:49:54,091 - root - INFO - ###############################  End  ###############################
2019-03-27 18:49:54,092 - root - INFO - ############################### START ###############################
2019-03-27 18:50:09,785 - root - INFO - ###############################  End  ###############################
2019-03-27 18:50:09,787 - root - INFO - ############################### START ###############################
2019-03-27 18:50:22,244 - root - INFO - SUCCESS    Clicked element: <xpath->//*[@id="app"]/div/div[1]/div[1]/p>, Spend 1.1209709644317627 seconds
2019-03-27 18:50:23,341 - root - INFO - SUCCESS    Clicked element: <xpath->//*[@id="app"]/div/div[1]/div[2]/input>, Spend 1.0959131717681885 seconds
2019-03-27 18:50:23,410 - root - INFO - SUCCESS    Clicked element: <xpath->//*[@id="app"]/div/div[1]/div[2]/input>, Spend 0.06818056106567383 seconds
2019-03-27 18:50:23,451 - root - INFO - SUCCESS    Typed element: <xpath->//*[@id="app"]/div/div[1]/div[2]/input> content: 98144, Spend 0.04010581970214844 seconds
2019-03-27 18:50:23,546 - root - INFO - SUCCESS    Clicked element: <xpath->//*[@id="app"]/div/div[1]/div[2]/span>, Spend 0.09425234794616699 seconds
2019-03-27 18:50:32,794 - root - INFO - ###############################  End  ###############################
2019-03-27 18:50:32,796 - root - INFO - ############################### START ###############################
2019-03-27 18:50:44,113 - root - INFO - SUCCESS    Clicked element: <xpath->//*[@id="app"]/div/div[1]/div[1]/p>, Spend 1.2523283958435059 seconds
2019-03-27 18:50:53,270 - root - INFO - ###############################  End  ###############################
2019-03-27 19:10:07,025 - root - INFO - ############################### START ###############################
2019-03-27 19:10:13,608 - root - INFO - SUCCESS    Typed element: <xpath->//*[@id="app"]/div/div[2]/form[2]/input[1]> content: 15100000000, Spend 0.07820844650268555 seconds
2019-03-27 19:10:13,665 - root - INFO - SUCCESS    Typed element: <xpath->//*[@id="app"]/div/div[2]/form[2]/input[2]> content: 111111, Spend 0.05614876747131348 seconds
2019-03-27 19:10:15,884 - root - INFO - ###############################  End  ###############################
2019-03-27 19:10:15,885 - root - INFO - ############################### START ###############################
2019-03-27 19:10:21,865 - root - INFO - SUCCESS    Typed element: <xpath->//*[@id="app"]/div/div[2]/form[2]/input[1]> content: 18911111111, Spend 0.08021330833435059 seconds
2019-03-27 19:10:21,923 - root - INFO - SUCCESS    Typed element: <xpath->//*[@id="app"]/div/div[2]/form[2]/input[2]> content: 123456, Spend 0.05717277526855469 seconds
2019-03-27 19:10:24,158 - root - INFO - ###############################  End  ###############################
2019-03-27 19:10:24,159 - root - INFO - ############################### START ###############################
2019-03-27 19:10:38,411 - root - INFO - ###############################  End  ###############################
2019-03-27 19:10:38,412 - root - INFO - ############################### START ###############################
2019-03-27 19:10:53,111 - root - INFO - ###############################  End  ###############################
2019-03-27 19:10:53,112 - root - INFO - ############################### START ###############################
2019-03-27 19:11:05,824 - root - INFO - SUCCESS    Clicked element: <xpath->//*[@id="app"]/div/div[1]/div[1]/p>, Spend 1.111955165863037 seconds
2019-03-27 19:11:06,921 - root - INFO - SUCCESS    Clicked element: <xpath->//*[@id="app"]/div/div[1]/div[2]/input>, Spend 1.0969152450561523 seconds
2019-03-27 19:11:07,002 - root - INFO - SUCCESS    Clicked element: <xpath->//*[@id="app"]/div/div[1]/div[2]/input>, Spend 0.08021283149719238 seconds
2019-03-27 19:11:07,049 - root - INFO - SUCCESS    Typed element: <xpath->//*[@id="app"]/div/div[1]/div[2]/input> content: 98144, Spend 0.04612302780151367 seconds
2019-03-27 19:11:07,142 - root - INFO - SUCCESS    Clicked element: <xpath->//*[@id="app"]/div/div[1]/div[2]/span>, Spend 0.09224534034729004 seconds
2019-03-27 19:11:16,304 - root - INFO - ###############################  End  ###############################
2019-03-27 19:11:16,305 - root - INFO - ############################### START ###############################
2019-03-27 19:11:31,761 - root - INFO - SUCCESS    Clicked element: <xpath->//*[@id="app"]/div/div[1]/div[1]/p>, Spend 1.5471103191375732 seconds
2019-03-27 19:11:40,952 - root - INFO - ###############################  End  ###############################
2019-03-27 19:11:49,013 - root - ERROR - 发送邮件失败
2019-03-27 19:24:58,350 - root - ERROR - 发送邮件失败
2019-03-27 19:25:31,206 - root - INFO - 发送邮件成功
2019-03-27 19:28:43,482 - root - INFO - ############################### START ###############################
2019-03-27 19:28:51,474 - root - INFO - SUCCESS    Typed element: <xpath->//*[@id="app"]/div/div[2]/form[2]/input[1]> content: 15100000000, Spend 0.0872347354888916 seconds
2019-03-27 19:28:51,542 - root - INFO - SUCCESS    Typed element: <xpath->//*[@id="app"]/div/div[2]/form[2]/input[2]> content: 111111, Spend 0.06617617607116699 seconds
2019-03-27 19:28:53,785 - root - INFO - ###############################  End  ###############################
2019-03-27 19:28:53,786 - root - INFO - ############################### START ###############################
2019-03-27 19:30:48,958 - root - INFO - ############################### START ###############################
2019-03-27 19:30:55,784 - root - INFO - SUCCESS    Typed element: <xpath->//*[@id="app"]/div/div[2]/form[2]/input[1]> content: 15100000000, Spend 0.08221840858459473 seconds
2019-03-27 19:30:55,845 - root - INFO - SUCCESS    Typed element: <xpath->//*[@id="app"]/div/div[2]/form[2]/input[2]> content: 111111, Spend 0.06015968322753906 seconds
2019-03-27 19:30:58,087 - root - INFO - ###############################  End  ###############################
2019-03-27 19:30:58,089 - root - INFO - ############################### START ###############################
2019-03-27 19:31:04,589 - root - INFO - SUCCESS    Typed element: <xpath->//*[@id="app"]/div/div[2]/form[2]/input[1]> content: 18911111111, Spend 0.07720518112182617 seconds
2019-03-27 19:31:04,647 - root - INFO - SUCCESS    Typed element: <xpath->//*[@id="app"]/div/div[2]/form[2]/input[2]> content: 123456, Spend 0.05715298652648926 seconds
2019-03-27 19:31:06,868 - root - INFO - ###############################  End  ###############################
2019-03-27 19:31:06,869 - root - INFO - ############################### START ###############################
2019-03-27 19:31:21,698 - root - INFO - ###############################  End  ###############################
2019-03-27 19:31:21,701 - root - INFO - ############################### START ###############################
2019-03-27 19:31:38,387 - root - INFO - ###############################  End  ###############################
2019-03-27 19:31:38,389 - root - INFO - ############################### START ###############################
2019-03-27 19:31:51,249 - root - INFO - SUCCESS    Clicked element: <xpath->//*[@id="app"]/div/div[1]/div[1]/p>, Spend 2.1226401329040527 seconds
2019-03-27 19:31:52,386 - root - INFO - SUCCESS    Clicked element: <xpath->//*[@id="app"]/div/div[1]/div[2]/input>, Spend 1.137023687362671 seconds
2019-03-27 19:31:52,480 - root - INFO - SUCCESS    Clicked element: <xpath->//*[@id="app"]/div/div[1]/div[2]/input>, Spend 0.09324860572814941 seconds
2019-03-27 19:31:52,559 - root - INFO - SUCCESS    Typed element: <xpath->//*[@id="app"]/div/div[1]/div[2]/input> content: 98144, Spend 0.07720565795898438 seconds
2019-03-27 19:31:52,686 - root - INFO - SUCCESS    Clicked element: <xpath->//*[@id="app"]/div/div[1]/div[2]/span>, Spend 0.12733769416809082 seconds
2019-03-27 19:32:01,894 - root - INFO - ###############################  End  ###############################
2019-03-27 19:32:01,895 - root - INFO - ############################### START ###############################
2019-03-27 19:32:13,055 - root - INFO - SUCCESS    Clicked element: <xpath->//*[@id="app"]/div/div[1]/div[1]/p>, Spend 1.2041966915130615 seconds
2019-03-27 19:32:22,239 - root - INFO - ###############################  End  ###############################
2019-03-27 19:32:28,091 - root - INFO - 发送邮件成功
2019-03-27 19:37:47,563 - root - INFO - 发送邮件成功
2019-03-27 21:14:50,630 - root - INFO - ############################### START ###############################
2019-03-27 21:14:58,339 - root - INFO - SUCCESS    Typed element: <xpath->//*[@id="app"]/div/div[2]/form[2]/input[1]> content: 15100000000, Spend 0.08623027801513672 seconds
2019-03-27 21:14:58,404 - root - INFO - SUCCESS    Typed element: <xpath->//*[@id="app"]/div/div[2]/form[2]/input[2]> content: 111111, Spend 0.06316828727722168 seconds
2019-03-27 21:15:00,629 - root - INFO - ###############################  End  ###############################
2019-03-27 21:15:00,630 - root - INFO - ############################### START ###############################
2019-03-27 21:15:07,777 - root - INFO - SUCCESS    Typed element: <xpath->//*[@id="app"]/div/div[2]/form[2]/input[1]> content: 18911111111, Spend 0.08520913124084473 seconds
2019-03-27 21:15:07,835 - root - INFO - SUCCESS    Typed element: <xpath->//*[@id="app"]/div/div[2]/form[2]/input[2]> content: 123456, Spend 0.05815553665161133 seconds
2019-03-27 21:15:10,057 - root - INFO - ###############################  End  ###############################
2019-03-27 21:15:10,060 - root - INFO - ############################### START ###############################
2019-03-27 21:15:25,063 - root - INFO - ###############################  End  ###############################
2019-03-27 21:15:25,066 - root - INFO - ############################### START ###############################
2019-03-27 21:15:39,915 - root - INFO - ###############################  End  ###############################
2019-03-27 21:15:39,916 - root - INFO - ############################### START ###############################
2019-03-27 21:15:51,176 - root - INFO - SUCCESS    Clicked element: <xpath->//*[@id="app"]/div/div[1]/div[1]/p>, Spend 1.1169865131378174 seconds
2019-03-27 21:15:52,274 - root - INFO - SUCCESS    Clicked element: <xpath->//*[@id="app"]/div/div[1]/div[2]/input>, Spend 1.0979015827178955 seconds
2019-03-27 21:15:52,345 - root - INFO - SUCCESS    Clicked element: <xpath->//*[@id="app"]/div/div[1]/div[2]/input>, Spend 0.07118988037109375 seconds
2019-03-27 21:15:52,398 - root - INFO - SUCCESS    Typed element: <xpath->//*[@id="app"]/div/div[1]/div[2]/input> content: 98144, Spend 0.05215144157409668 seconds
2019-03-27 21:15:52,500 - root - INFO - SUCCESS    Clicked element: <xpath->//*[@id="app"]/div/div[1]/div[2]/span>, Spend 0.10126924514770508 seconds
2019-03-27 21:16:01,705 - root - INFO - ###############################  End  ###############################
2019-03-27 21:16:01,706 - root - INFO - ############################### START ###############################
2019-03-27 21:16:13,332 - root - INFO - SUCCESS    Clicked element: <xpath->//*[@id="app"]/div/div[1]/div[1]/p>, Spend 1.1019301414489746 seconds
2019-03-27 21:16:22,619 - root - INFO - ###############################  End  ###############################
2019-03-27 21:16:25,894 - root - ERROR - 发送邮件失败
