2019-05-07 10:14:58,796 - root - INFO - ############################### START ###############################
2019-05-07 10:15:06,187 - root - INFO - SUCCESS    Typed element: <xpath->//*[@id="app"]/div/div[1]/div[2]/input> content: 10024, Spend 0.04612588882446289 seconds
2019-05-07 10:15:12,553 - root - INFO - ###############################  End  ###############################
2019-05-07 10:15:12,557 - root - INFO - ############################### START ###############################
2019-05-07 10:15:37,947 - root - INFO - ###############################  End  ###############################
2019-05-07 10:17:45,589 - root - INFO - ############################### START ###############################
2019-05-07 10:17:55,255 - root - INFO - ###############################  End  ###############################
2019-05-07 10:19:04,709 - root - INFO - ############################### START ###############################
2019-05-07 10:19:27,331 - root - INFO - ###############################  End  ###############################
2019-05-07 10:19:44,049 - root - INFO - ############################### START ###############################
2019-05-07 10:19:52,834 - root - INFO - SUCCESS    Typed element: <xpath->//*[@id="app"]/div/div[1]/div[2]/input> content: 10024, Spend 0.05113577842712402 seconds
2019-05-07 10:19:59,134 - root - INFO - ###############################  End  ###############################
2019-05-07 10:19:59,136 - root - INFO - ############################### START ###############################
2019-05-07 10:20:06,499 - root - INFO - ###############################  End  ###############################
2019-05-07 10:22:54,390 - root - INFO - ############################### START ###############################
2019-05-07 10:23:12,307 - root - INFO - ###############################  End  ###############################
2019-05-07 10:23:27,177 - root - INFO - ############################### START ###############################
2019-05-07 10:23:44,764 - root - INFO - ###############################  End  ###############################
2019-05-07 10:24:26,043 - root - INFO - ############################### START ###############################
2019-05-07 10:24:33,747 - root - INFO - SUCCESS    Typed element: <xpath->//*[@id="app"]/div/div[1]/div[2]/input> content: 10024, Spend 0.038895606994628906 seconds
2019-05-07 10:24:40,051 - root - INFO - ###############################  End  ###############################
2019-05-07 10:24:40,052 - root - INFO - ############################### START ###############################
2019-05-07 10:24:57,758 - root - INFO - ###############################  End  ###############################
2019-05-07 10:27:02,835 - root - INFO - ############################### START ###############################
2019-05-07 10:27:14,796 - root - INFO - SUCCESS    Typed element: <xpath->//*[@id="app"]/div/div/div[2]/div[1]/div[1]/input> content: 10532, Spend 0.1282041072845459 seconds
2019-05-07 10:27:16,911 - root - INFO - ###############################  End  ###############################
2019-05-07 10:30:05,617 - root - INFO - ############################### START ###############################
2019-05-07 10:30:18,567 - root - INFO - SUCCESS    Typed element: <xpath->//*[@id="app"]/div/div/div[2]/div[1]/div[1]/input> content: 10532, Spend 0.0701603889465332 seconds
2019-05-07 10:30:30,950 - root - INFO - ###############################  End  ###############################
2019-05-07 10:35:50,461 - root - INFO - ############################### START ###############################
2019-05-07 10:36:02,626 - root - INFO - SUCCESS    Clear and type element: <xpath->//*[@id="app"]/div/div/div[2]/div[1]/div[1]/input> content: 10532, Spend 0.09827947616577148 seconds
2019-05-07 10:36:15,001 - root - INFO - ###############################  End  ###############################
2019-05-07 10:38:28,390 - root - INFO - ############################### START ###############################
2019-05-07 10:38:40,411 - root - INFO - SUCCESS    Clear and type element: <xpath->//*[@id="app"]/div/div/div[2]/div[1]/div[1]/input> content: 10532, Spend 0.13435912132263184 seconds
2019-05-07 10:38:45,846 - root - INFO - ###############################  End  ###############################
2019-05-07 10:39:22,985 - root - INFO - ############################### START ###############################
2019-05-07 10:39:34,617 - root - INFO - SUCCESS    Clear and type element: <xpath->//*[@id="app"]/div/div/div[2]/div[1]/div[1]/input> content: 10532, Spend 0.10627317428588867 seconds
2019-05-07 10:39:39,910 - root - INFO - ###############################  End  ###############################
2019-05-07 10:41:47,538 - root - INFO - ############################### START ###############################
2019-05-07 10:41:59,436 - root - INFO - SUCCESS    Clear and type element: <xpath->//*[@id="app"]/div/div/div[2]/div[1]/div[1]/input> content: 10532, Spend 0.08321976661682129 seconds
2019-05-07 10:42:04,725 - root - INFO - ###############################  End  ###############################
2019-05-07 10:42:38,198 - root - INFO - ############################### START ###############################
2019-05-07 10:42:50,773 - root - INFO - SUCCESS    Clear and type element: <xpath->//*[@id="app"]/div/div/div[2]/div[1]/div[1]/input> content: 10532, Spend 0.11728096008300781 seconds
2019-05-07 10:42:56,003 - root - INFO - ###############################  End  ###############################
2019-05-07 11:11:28,012 - root - INFO - ############################### START ###############################
2019-05-07 11:11:33,770 - root - INFO - SUCCESS    Get element text element: <xpath->//*[@id="app"]/div/div[4]/div/div/div[2]/ul/li[1]/div[1]/span>, Spend 0.027072668075561523 seconds
2019-05-07 11:11:35,881 - root - INFO - ###############################  End  ###############################
2019-05-07 11:13:59,689 - root - INFO - ############################### START ###############################
2019-05-07 11:14:06,021 - root - INFO - SUCCESS    Get element text element: <xpath->//*[@id="app"]/div/div[4]/div/div/div[2]/ul/li[1]/div[1]/span>, Spend 0.04812741279602051 seconds
2019-05-07 11:14:08,132 - root - INFO - ###############################  End  ###############################
2019-05-07 11:14:38,254 - root - INFO - ############################### START ###############################
2019-05-07 11:14:44,735 - root - INFO - SUCCESS    Get element text element: <xpath->//*[@id="app"]/div/div[4]/div/div/div[2]/ul/li[1]/div[1]/span>, Spend 0.028075456619262695 seconds
2019-05-07 11:14:46,840 - root - INFO - ###############################  End  ###############################
2019-05-07 11:33:44,557 - root - INFO - ############################### START ###############################
2019-05-07 11:33:52,741 - root - INFO - SUCCESS    Get element text element: <xpath->//*[@id="app"]/div/div[2]/div[1]/ul/li[1]/div[2]/div[1]/p[1]/span>, Spend 0.02303171157836914 seconds
2019-05-07 11:33:54,845 - root - INFO - ###############################  End  ###############################
2019-05-07 11:33:54,848 - root - INFO - ############################### START ###############################
2019-05-07 11:34:01,300 - root - INFO - SUCCESS    Get element text element: <xpath->//*[@id="app"]/div/div[4]/div/div/div[2]/ul/li[1]/div[1]/span>, Spend 0.02305912971496582 seconds
2019-05-07 11:34:03,395 - root - INFO - ###############################  End  ###############################
2019-05-07 11:45:00,914 - root - INFO - ############################### START ###############################
2019-05-07 11:45:07,550 - root - INFO - SUCCESS    Execute javascript scripts: xpath->//*[@id="app"]/div/div[5]/div/div[1]/div[2]/img, Spend 0.019047975540161133 seconds
2019-05-07 11:45:09,698 - root - INFO - ###############################  End  ###############################
2019-05-07 11:50:28,723 - root - INFO - ############################### START ###############################
2019-05-07 11:50:33,608 - root - INFO - FAIL    Unable to execute javascript scripts: xpath->//*[@id="app"]/div/div[5]/div/div[1]/div[2]/img, Spend 0.05514693260192871 seconds
2019-05-07 11:50:35,700 - root - INFO - ###############################  End  ###############################
2019-05-07 12:00:55,525 - root - INFO - ############################### START ###############################
2019-05-07 12:01:00,713 - root - INFO - FAIL    Unable to execute javascript scripts: xpath->//*[@id="app"]/div/div[5]/div/div[1]/div[2]/img, Spend 0.015038728713989258 seconds
2019-05-07 12:01:02,820 - root - INFO - ###############################  End  ###############################
2019-05-07 12:02:25,041 - root - INFO - ############################### START ###############################
2019-05-07 12:02:30,122 - root - INFO - FAIL    Unable to execute javascript scripts: xpath->//*[@id="app"]/div/div[5]/div/div[1]/div[2]/img, Spend 0.02606987953186035 seconds
2019-05-07 12:02:32,211 - root - INFO - ###############################  End  ###############################
2019-05-07 12:03:55,214 - root - INFO - ############################### START ###############################
2019-05-07 12:04:03,966 - root - INFO - SUCCESS    Get element text element: <xpath->//*[@id="app"]/div/div[5]/div/div[2]/ul[1]/li[1]/div[1]/span>, Spend 0.056181907653808594 seconds
2019-05-07 12:04:06,066 - root - INFO - ###############################  End  ###############################
2019-05-07 12:04:26,932 - root - INFO - ############################### START ###############################
2019-05-07 12:04:34,768 - root - INFO - SUCCESS    Get element text element: <xpath->//*[@id="app"]/div/div[5]/div/div[2]/ul[1]/li[1]/div[1]/span>, Spend 0.025067806243896484 seconds
2019-05-07 12:04:39,909 - root - INFO - ###############################  End  ###############################
2019-05-07 13:40:45,492 - root - INFO - ############################### START ###############################
2019-05-07 13:40:53,873 - root - INFO - SUCCESS    Get element text element: <xpath->//*[@id="app"]/div/div[5]/div/div[2]/ul[1]/li[1]/div[1]/span>, Spend 0.025093793869018555 seconds
2019-05-07 13:40:58,977 - root - INFO - ###############################  End  ###############################
2019-05-07 13:54:08,360 - root - INFO - ############################### START ###############################
2019-05-07 13:54:18,343 - root - INFO - ###############################  End  ###############################
2019-05-07 13:58:34,331 - root - INFO - ############################### START ###############################
2019-05-07 13:58:43,539 - root - INFO - ###############################  End  ###############################
2019-05-07 14:00:03,633 - root - INFO - ############################### START ###############################
2019-05-07 14:00:11,938 - root - INFO - ###############################  End  ###############################
2019-05-07 14:02:47,503 - root - INFO - ############################### START ###############################
2019-05-07 14:02:59,403 - root - INFO - ###############################  End  ###############################
2019-05-07 14:03:45,724 - root - INFO - ############################### START ###############################
2019-05-07 14:04:20,914 - root - INFO - ###############################  End  ###############################
2019-05-07 14:06:46,674 - root - INFO - ############################### START ###############################
2019-05-07 14:06:58,088 - root - INFO - ###############################  End  ###############################
2019-05-07 14:07:25,858 - root - INFO - ############################### START ###############################
2019-05-07 14:07:37,142 - root - INFO - ###############################  End  ###############################
2019-05-07 14:09:50,536 - root - INFO - ############################### START ###############################
2019-05-07 14:10:01,123 - root - INFO - SUCCESS    Get element text element: <xpath->//*[@id="app"]/div/div[2]/ul/li[2]/p[1]/span>, Spend 0.0972602367401123 seconds
2019-05-07 14:10:03,231 - root - INFO - ###############################  End  ###############################
2019-05-07 14:16:50,215 - root - INFO - ############################### START ###############################
2019-05-07 14:17:01,397 - root - INFO - SUCCESS    Get element text element: <xpath->//*[@id="app"]/div/div[2]/ul/li[2]/p[1]/span>, Spend 0.025070667266845703 seconds
2019-05-07 14:17:01,435 - root - INFO - SUCCESS    Get element text element: <xpath->//*[@id="app"]/div/div[2]/ul/li[2]/div[1]>, Spend 0.027053356170654297 seconds
2019-05-07 14:17:03,537 - root - INFO - ###############################  End  ###############################
2019-05-07 14:33:20,704 - root - INFO - ############################### START ###############################
2019-05-07 14:33:35,860 - root - INFO - ###############################  End  ###############################
2019-05-07 14:33:45,675 - root - INFO - ############################### START ###############################
2019-05-07 14:34:03,759 - root - INFO - ###############################  End  ###############################
2019-05-07 14:43:43,627 - root - INFO - ############################### START ###############################
2019-05-07 14:43:55,191 - root - INFO - SUCCESS    Get element text element: <xpath->//*[@id="app"]/div/div[2]/div/div[2]/ul/li[1]/div[2]/div/p[1]/span>, Spend 0.02807474136352539 seconds
2019-05-07 14:43:57,288 - root - INFO - ###############################  End  ###############################
2019-05-07 14:44:12,406 - root - INFO - ############################### START ###############################
2019-05-07 14:44:23,689 - root - INFO - SUCCESS    Get element text element: <xpath->//*[@id="app"]/div/div[2]/div/div[2]/ul/li[1]/div[2]/div/p[1]/span>, Spend 0.03208589553833008 seconds
2019-05-07 14:44:25,795 - root - INFO - ###############################  End  ###############################
2019-05-07 15:06:05,270 - root - INFO - ############################### START ###############################
2019-05-07 15:06:15,612 - root - INFO - SUCCESS    Get element text element: <xpath->//*[@id="app"]/div/div[5]/div/div[2]/ul[1]/li[1]/div[1]/span>, Spend 0.02707195281982422 seconds
2019-05-07 15:06:20,713 - root - INFO - ###############################  End  ###############################
2019-05-07 15:06:20,715 - root - INFO - ############################### START ###############################
2019-05-07 15:06:35,163 - root - INFO - ###############################  End  ###############################
2019-05-07 15:06:35,165 - root - INFO - ############################### START ###############################
2019-05-07 15:06:46,684 - root - INFO - SUCCESS    Get element text element: <xpath->//*[@id="app"]/div/div[2]/div/div[2]/ul/li[1]/div[2]/div/p[1]/span>, Spend 0.029104232788085938 seconds
2019-05-07 15:06:48,791 - root - INFO - ###############################  End  ###############################
2019-05-07 15:06:48,793 - root - INFO - ############################### START ###############################
2019-05-07 15:06:56,574 - root - INFO - SUCCESS    Typed element: <xpath->//*[@id="app"]/div/div[1]/div[2]/input> content: 10024, Spend 0.04512333869934082 seconds
2019-05-07 15:07:02,967 - root - INFO - ###############################  End  ###############################
2019-05-07 15:07:02,971 - root - INFO - ############################### START ###############################
2019-05-07 15:07:11,238 - root - INFO - SUCCESS    Get element text element: <xpath->//*[@id="app"]/div/div[2]/ul/li[2]/p[1]/span>, Spend 0.05213522911071777 seconds
2019-05-07 15:07:11,284 - root - INFO - SUCCESS    Get element text element: <xpath->//*[@id="app"]/div/div[2]/ul/li[2]/div[1]>, Spend 0.031082630157470703 seconds
2019-05-07 15:07:13,377 - root - INFO - ###############################  End  ###############################
2019-05-07 15:07:13,379 - root - INFO - ############################### START ###############################
2019-05-07 15:07:20,717 - root - INFO - SUCCESS    Get element text element: <xpath->//*[@id="app"]/div/div[2]/div[1]/ul/li[1]/div[2]/div[1]/p[1]/span>, Spend 0.026063203811645508 seconds
2019-05-07 15:07:22,817 - root - INFO - ###############################  End  ###############################
2019-05-07 15:07:22,818 - root - INFO - ############################### START ###############################
2019-05-07 15:07:33,944 - root - INFO - SUCCESS    Clear and type element: <xpath->//*[@id="app"]/div/div/div[2]/div[1]/div[1]/input> content: 10532, Spend 0.16539430618286133 seconds
2019-05-07 15:07:39,209 - root - INFO - ###############################  End  ###############################
2019-05-07 15:07:39,210 - root - INFO - ############################### START ###############################
2019-05-07 15:07:51,146 - root - INFO - SUCCESS    Clear and type element: <xpath->//*[@id="app"]/div/div/div[2]/div[1]/div[1]/input> content: 10532, Spend 0.10327506065368652 seconds
2019-05-07 15:07:56,365 - root - INFO - ###############################  End  ###############################
2019-05-07 15:07:56,367 - root - INFO - ############################### START ###############################
2019-05-07 15:08:09,229 - root - INFO - ###############################  End  ###############################
2019-05-07 15:08:09,234 - root - INFO - ############################### START ###############################
2019-05-07 15:08:15,672 - root - INFO - SUCCESS    Get element text element: <xpath->//*[@id="app"]/div/div[4]/div/div/div[2]/ul/li[1]/div[1]/span>, Spend 0.057153940200805664 seconds
2019-05-07 15:08:17,762 - root - INFO - ###############################  End  ###############################
2019-05-07 15:39:25,875 - root - INFO - ############################### START ###############################
2019-05-07 15:39:37,564 - root - INFO - SUCCESS    Get element text element: <xpath->//*[@id="app"]/div/div[7]/div/div[2]/ul/li[1]/div[1]/div>, Spend 0.07114839553833008 seconds
2019-05-07 15:39:39,677 - root - INFO - ###############################  End  ###############################
2019-05-07 15:44:14,883 - root - INFO - ############################### START ###############################
2019-05-07 15:44:26,305 - root - INFO - SUCCESS    Get element text element: <xpath->//*[@id="app"]/div/div[7]/div/div[2]/ul/li[1]/div[2]>, Spend 0.11830759048461914 seconds
2019-05-07 15:44:28,423 - root - INFO - ###############################  End  ###############################
2019-05-07 15:45:03,763 - root - INFO - ############################### START ###############################
2019-05-07 15:45:13,223 - root - INFO - SUCCESS    Get element text element: <xpath->//*[@id="app"]/div/div[7]/div/div[2]/ul/li[1]/div[2]>, Spend 0.06316566467285156 seconds
2019-05-07 15:45:15,337 - root - INFO - ###############################  End  ###############################
2019-05-07 15:56:43,910 - root - INFO - ############################### START ###############################
2019-05-07 15:57:17,277 - root - INFO - ###############################  End  ###############################
2019-05-07 15:57:26,038 - root - INFO - ############################### START ###############################
2019-05-07 15:57:40,376 - root - INFO - ###############################  End  ###############################
2019-05-07 16:05:52,517 - root - INFO - ############################### START ###############################
2019-05-07 16:06:03,256 - root - INFO - SUCCESS    Get element text element: <xpath->//*[@id="app"]/div/div[2]/ul/li[2]/p[1]/span>, Spend 0.0701453685760498 seconds
2019-05-07 16:06:05,539 - root - INFO - ###############################  End  ###############################
2019-05-07 16:10:58,578 - root - INFO - ############################### START ###############################
2019-05-07 16:11:09,454 - root - INFO - SUCCESS    Get element text element: <xpath->//*[@id="app"]/div/div[2]/ul/li[2]/div[1]>, Spend 0.02406620979309082 seconds
2019-05-07 16:11:11,550 - root - INFO - ###############################  End  ###############################
2019-05-07 16:22:46,844 - root - INFO - ############################### START ###############################
2019-05-07 16:22:56,313 - root - INFO - SUCCESS    Get element text element: <xpath->//*[@id="app"]/div/div[8]/div/div/div[2]/ul/span/li[2]/div[2]/div[1]>, Spend 0.031084299087524414 seconds
2019-05-07 16:22:58,405 - root - INFO - ###############################  End  ###############################
2019-05-07 16:23:30,948 - root - INFO - ############################### START ###############################
2019-05-07 16:23:40,479 - root - INFO - SUCCESS    Get element text element: <xpath->//*[@id="app"]/div/div[8]/div/div/div[2]/ul/span/li[2]/div[2]/div[1]>, Spend 0.03306102752685547 seconds
2019-05-07 16:23:40,525 - root - INFO - SUCCESS    Get element text element: <xpath->//*[@id="app"]/div/div[8]/div/div/div[2]/ul/span/li[1]/div[2]/div[2]>, Spend 0.030080080032348633 seconds
2019-05-07 16:23:42,620 - root - INFO - ###############################  End  ###############################
2019-05-07 16:59:35,577 - root - INFO - ############################### START ###############################
2019-05-07 16:59:48,650 - root - INFO - ###############################  End  ###############################
2019-05-07 17:00:24,290 - root - INFO - ############################### START ###############################
2019-05-07 17:00:36,416 - root - INFO - ###############################  End  ###############################
2019-05-07 17:01:07,986 - root - INFO - ############################### START ###############################
2019-05-07 17:01:18,978 - root - INFO - SUCCESS    Get element text element: <xpath->//*[@id="app"]/div/div[2]/ul/li[1]/div[1]/p[1]/span>, Spend 0.02408313751220703 seconds
2019-05-07 17:01:19,013 - root - INFO - SUCCESS    Get element text element: <xpath->//*[@id="app"]/div/div[2]/ul/li[1]/div[1]/div>, Spend 0.024063825607299805 seconds
2019-05-07 17:01:21,164 - root - INFO - ###############################  End  ###############################
2019-05-07 17:08:22,235 - root - INFO - ############################### START ###############################
2019-05-07 17:08:34,612 - root - INFO - SUCCESS    Get element text element: <xpath->//*[@id="app"]/div/div[2]/ul/li[1]/div[1]/p[1]/span>, Spend 0.026070117950439453 seconds
2019-05-07 17:08:34,653 - root - INFO - SUCCESS    Get element text element: <xpath->//*[@id="app"]/div/div[2]/ul/li[1]/div[1]/div>, Spend 0.02606368064880371 seconds
2019-05-07 17:08:36,749 - root - INFO - ###############################  End  ###############################
2019-05-07 17:08:52,640 - root - INFO - ############################### START ###############################
2019-05-07 17:09:04,195 - root - INFO - SUCCESS    Get element text element: <xpath->//*[@id="app"]/div/div[2]/ul/li[1]/div[1]/p[1]/span>, Spend 0.028075695037841797 seconds
2019-05-07 17:09:04,233 - root - INFO - SUCCESS    Get element text element: <xpath->//*[@id="app"]/div/div[2]/ul/li[1]/div[1]/div>, Spend 0.025054216384887695 seconds
2019-05-07 17:09:06,337 - root - INFO - ###############################  End  ###############################
2019-05-07 17:09:29,160 - root - INFO - ############################### START ###############################
2019-05-07 17:09:40,433 - root - INFO - SUCCESS    Get element text element: <xpath->//*[@id="app"]/div/div[2]/ul/li[1]/div[1]/p[1]/span>, Spend 0.036093711853027344 seconds
2019-05-07 17:09:40,486 - root - INFO - SUCCESS    Get element text element: <xpath->//*[@id="app"]/div/div[2]/ul/li[1]/div[1]/div>, Spend 0.03509354591369629 seconds
2019-05-07 17:09:42,579 - root - INFO - ###############################  End  ###############################
2019-05-07 17:26:48,399 - root - INFO - ############################### START ###############################
2019-05-07 17:26:58,172 - root - INFO - SUCCESS    Get element text element: <xpath->//*[@id="app"]/div/div[9]/div/div/div[2]/div/div[1]/div/ul/li[2]/div[1]/p>, Spend 0.13434600830078125 seconds
2019-05-07 17:27:00,295 - root - INFO - ###############################  End  ###############################
2019-05-07 17:30:22,295 - root - INFO - ############################### START ###############################
2019-05-07 17:30:31,693 - root - INFO - SUCCESS    Get element text element: <xpath->//*[@id="app"]/div/div[9]/div/div/div[2]/div/div[1]/div/ul/li[2]/div[1]/p>, Spend 0.06316828727722168 seconds
2019-05-07 17:30:31,778 - root - INFO - SUCCESS    Get element text element: <xpath->//*[@id="app"]/div/div[9]/div/div/div[2]/div/div[1]/ul/li[1]/div[2]>, Spend 0.06319236755371094 seconds
2019-05-07 17:30:33,891 - root - INFO - ###############################  End  ###############################
2019-05-07 17:31:46,859 - root - INFO - ############################### START ###############################
2019-05-07 17:31:57,004 - root - INFO - SUCCESS    Get element text element: <xpath->//*[@id="app"]/div/div[9]/div/div/div[2]/div/div[1]/div/ul/li[2]/div[1]/p>, Spend 0.031075716018676758 seconds
2019-05-07 17:31:57,044 - root - INFO - SUCCESS    Get element text element: <xpath->//*[@id="app"]/div/div[9]/div/div/div[2]/div/div[1]/ul/li[1]/div[2]>, Spend 0.029079437255859375 seconds
2019-05-07 17:31:59,156 - root - INFO - ###############################  End  ###############################
2019-05-07 17:47:50,477 - root - INFO - ############################### START ###############################
2019-05-07 17:48:01,157 - root - INFO - SUCCESS    Get element text element: <xpath->//*[@id="app"]/div/div[2]/div[3]/div/div[1]/div/ul/li[1]/div/span[1]/span>, Spend 0.06316828727722168 seconds
2019-05-07 17:48:03,286 - root - INFO - ###############################  End  ###############################
2019-05-07 17:49:02,363 - root - INFO - ############################### START ###############################
2019-05-07 17:49:12,832 - root - INFO - SUCCESS    Get element text element: <xpath->//*[@id="app"]/div/div[2]/div[3]/div/div[1]/div/ul/li[1]/div/span[1]/span>, Spend 0.08118414878845215 seconds
2019-05-07 17:49:12,900 - root - INFO - SUCCESS    Get element text element: <xpath->//*[@id="app"]/div/div[2]/div[3]/div/div[1]/div/ul/li[1]/div/div/span>, Spend 0.03910398483276367 seconds
2019-05-07 17:49:15,018 - root - INFO - ###############################  End  ###############################
2019-05-07 18:38:57,993 - root - INFO - ############################### START ###############################
2019-05-07 18:39:08,116 - root - INFO - SUCCESS    Get element text element: <xpath->//*[@id="app"]/div/div[11]/div/div/div[2]/ul/li[3]/div[1]>, Spend 0.026067733764648438 seconds
2019-05-07 18:39:10,239 - root - INFO - ###############################  End  ###############################
2019-05-07 18:40:36,408 - root - INFO - ############################### START ###############################
2019-05-07 18:40:45,355 - root - INFO - SUCCESS    Get element text element: <xpath->//*[@id="app"]/div/div[11]/div/div/div[2]/ul/li[1]/div[1]>, Spend 0.030050277709960938 seconds
2019-05-07 18:40:50,494 - root - INFO - ###############################  End  ###############################
2019-05-07 19:12:18,343 - root - INFO - ############################### START ###############################
2019-05-07 19:12:38,966 - root - INFO - ###############################  End  ###############################
2019-05-07 19:13:44,107 - root - INFO - ############################### START ###############################
2019-05-07 19:14:02,318 - root - INFO - ###############################  End  ###############################
2019-05-07 19:16:07,588 - root - INFO - ############################### START ###############################
2019-05-07 19:16:14,208 - root - INFO - SUCCESS    Get element text element: <xpath->//*[@id="app"]/div/div[2]/div[1]/p[1]>, Spend 0.02905726432800293 seconds
2019-05-07 19:16:16,305 - root - INFO - ###############################  End  ###############################
2019-05-07 19:16:32,810 - root - INFO - ############################### START ###############################
2019-05-07 19:16:40,087 - root - INFO - SUCCESS    Get element text element: <xpath->//*[@id="app"]/div/div[2]/div[1]/p[1]>, Spend 0.027070283889770508 seconds
2019-05-07 19:16:45,235 - root - INFO - ###############################  End  ###############################
2019-05-07 19:17:20,553 - root - INFO - ############################### START ###############################
2019-05-07 19:17:29,078 - root - INFO - SUCCESS    Get element text element: <xpath->//*[@id="app"]/div/div[5]/div/div[2]/ul[1]/li[1]/div[1]/span>, Spend 0.03208327293395996 seconds
2019-05-07 19:17:34,170 - root - INFO - ###############################  End  ###############################
2019-05-07 19:17:34,173 - root - INFO - ############################### START ###############################
2019-05-07 19:17:48,369 - root - INFO - ###############################  End  ###############################
2019-05-07 19:17:48,371 - root - INFO - ############################### START ###############################
2019-05-07 19:17:55,600 - root - INFO - SUCCESS    Get element text element: <xpath->//*[@id="app"]/div/div[2]/div[1]/p[1]>, Spend 0.025077342987060547 seconds
2019-05-07 19:18:00,750 - root - INFO - ###############################  End  ###############################
2019-05-07 19:18:00,752 - root - INFO - ############################### START ###############################
2019-05-07 19:18:13,250 - root - INFO - SUCCESS    Get element text element: <xpath->//*[@id="app"]/div/div[2]/div/div[2]/ul/li[1]/div[2]/div/p[1]/span>, Spend 0.08819937705993652 seconds
2019-05-07 19:18:15,370 - root - INFO - ###############################  End  ###############################
2019-05-07 19:18:15,373 - root - INFO - ############################### START ###############################
2019-05-07 19:18:22,681 - root - INFO - SUCCESS    Typed element: <xpath->//*[@id="app"]/div/div[1]/div[2]/input> content: 10024, Spend 0.04712533950805664 seconds
2019-05-07 19:18:28,935 - root - INFO - ###############################  End  ###############################
2019-05-07 19:18:28,938 - root - INFO - ############################### START ###############################
2019-05-07 19:18:36,924 - root - INFO - SUCCESS    Get element text element: <xpath->//*[@id="app"]/div/div[2]/ul/li[2]/p[1]/span>, Spend 0.09521603584289551 seconds
2019-05-07 19:18:36,997 - root - INFO - SUCCESS    Get element text element: <xpath->//*[@id="app"]/div/div[2]/ul/li[2]/div[1]>, Spend 0.04611349105834961 seconds
2019-05-07 19:18:39,106 - root - INFO - ###############################  End  ###############################
2019-05-07 19:18:39,108 - root - INFO - ############################### START ###############################
2019-05-07 19:18:46,928 - root - INFO - SUCCESS    Get element text element: <xpath->//*[@id="app"]/div/div[2]/div[1]/ul/li[1]/div[2]/div[1]/p[1]/span>, Spend 0.09421658515930176 seconds
2019-05-07 19:18:49,047 - root - INFO - ###############################  End  ###############################
2019-05-07 19:18:49,049 - root - INFO - ############################### START ###############################
2019-05-07 19:18:58,407 - root - INFO - SUCCESS    Get element text element: <xpath->//*[@id="app"]/div/div[11]/div/div/div[2]/ul/li[1]/div[1]>, Spend 0.07922935485839844 seconds
2019-05-07 19:19:03,505 - root - INFO - ###############################  End  ###############################
2019-05-07 19:19:03,507 - root - INFO - ############################### START ###############################
2019-05-07 19:19:15,010 - root - INFO - SUCCESS    Clear and type element: <xpath->//*[@id="app"]/div/div/div[2]/div[1]/div[1]/input> content: 10532, Spend 0.17044281959533691 seconds
2019-05-07 19:19:20,301 - root - INFO - ###############################  End  ###############################
2019-05-07 19:19:20,304 - root - INFO - ############################### START ###############################
2019-05-07 19:19:31,878 - root - INFO - SUCCESS    Clear and type element: <xpath->//*[@id="app"]/div/div/div[2]/div[1]/div[1]/input> content: 10532, Spend 0.13235163688659668 seconds
2019-05-07 19:19:37,321 - root - INFO - ###############################  End  ###############################
2019-05-07 19:19:37,324 - root - INFO - ############################### START ###############################
2019-05-07 19:19:49,501 - root - INFO - ###############################  End  ###############################
2019-05-07 19:19:49,503 - root - INFO - ############################### START ###############################
2019-05-07 19:20:00,088 - root - INFO - SUCCESS    Get element text element: <xpath->//*[@id="app"]/div/div[2]/div[3]/div/div[1]/div/ul/li[1]/div/span[1]/span>, Spend 0.02707219123840332 seconds
2019-05-07 19:20:00,130 - root - INFO - SUCCESS    Get element text element: <xpath->//*[@id="app"]/div/div[2]/div[3]/div/div[1]/div/ul/li[1]/div/div/span>, Spend 0.029076814651489258 seconds
2019-05-07 19:20:02,237 - root - INFO - ###############################  End  ###############################
2019-05-07 19:20:02,239 - root - INFO - ############################### START ###############################
2019-05-07 19:20:08,465 - root - INFO - SUCCESS    Get element text element: <xpath->//*[@id="app"]/div/div[4]/div/div/div[2]/ul/li[1]/div[1]/span>, Spend 0.031081676483154297 seconds
2019-05-07 19:20:10,546 - root - INFO - ###############################  End  ###############################
2019-05-07 19:20:10,547 - root - INFO - ############################### START ###############################
2019-05-07 19:20:19,560 - root - INFO - SUCCESS    Get element text element: <xpath->//*[@id="app"]/div/div[8]/div/div/div[2]/ul/span/li[2]/div[2]/div[1]>, Spend 0.03108382225036621 seconds
2019-05-07 19:20:19,602 - root - INFO - SUCCESS    Get element text element: <xpath->//*[@id="app"]/div/div[8]/div/div/div[2]/ul/span/li[1]/div[2]/div[2]>, Spend 0.03008103370666504 seconds
2019-05-07 19:20:21,717 - root - INFO - ###############################  End  ###############################
2019-05-07 19:20:21,719 - root - INFO - ############################### START ###############################
2019-05-07 19:20:33,079 - root - INFO - SUCCESS    Get element text element: <xpath->//*[@id="app"]/div/div[2]/ul/li[1]/div[1]/p[1]/span>, Spend 0.023061275482177734 seconds
2019-05-07 19:20:33,116 - root - INFO - SUCCESS    Get element text element: <xpath->//*[@id="app"]/div/div[2]/ul/li[1]/div[1]/div>, Spend 0.025066375732421875 seconds
2019-05-07 19:20:35,210 - root - INFO - ###############################  End  ###############################
2019-05-07 19:20:35,213 - root - INFO - ############################### START ###############################
2019-05-07 19:20:44,797 - root - INFO - SUCCESS    Get element text element: <xpath->//*[@id="app"]/div/div[7]/div/div[2]/ul/li[1]/div[2]>, Spend 0.030079364776611328 seconds
2019-05-07 19:20:46,887 - root - INFO - ###############################  End  ###############################
2019-05-07 19:20:46,888 - root - INFO - ############################### START ###############################
2019-05-07 19:20:57,158 - root - INFO - SUCCESS    Get element text element: <xpath->//*[@id="app"]/div/div[2]/ul/li[2]/div[1]>, Spend 0.09828925132751465 seconds
2019-05-07 19:20:59,276 - root - INFO - ###############################  End  ###############################
2019-05-07 19:20:59,278 - root - INFO - ############################### START ###############################
2019-05-07 19:21:21,337 - root - INFO - ###############################  End  ###############################
