2019-04-02 14:41:31,565 - root - INFO - ############################### START ###############################
2019-04-02 14:41:40,109 - root - INFO - SUCCESS    Typed element: <xpath->//*[@id="app"]/div/div[2]/form[2]/input[1]> content: 15100000000, Spend 0.08022379875183105 seconds
2019-04-02 14:41:40,165 - root - INFO - SUCCESS    Typed element: <xpath->//*[@id="app"]/div/div[2]/form[2]/input[2]> content: 111111, Spend 0.055140018463134766 seconds
2019-04-02 14:41:42,386 - root - INFO - ###############################  End  ###############################
2019-04-02 14:41:42,387 - root - INFO - ############################### START ###############################
2019-04-02 14:41:50,238 - root - INFO - SUCCESS    Typed element: <xpath->//*[@id="app"]/div/div[2]/form[2]/input[1]> content: 18911111111, Spend 0.08020234107971191 seconds
2019-04-02 14:41:50,298 - root - INFO - SUCCESS    Typed element: <xpath->//*[@id="app"]/div/div[2]/form[2]/input[2]> content: 123456, Spend 0.05915713310241699 seconds
2019-04-02 14:41:52,524 - root - INFO - ###############################  End  ###############################
2019-04-02 14:41:52,525 - root - INFO - ############################### START ###############################
2019-04-02 14:42:08,927 - root - INFO - ###############################  End  ###############################
2019-04-02 14:42:08,927 - root - INFO - ############################### START ###############################
2019-04-02 14:42:24,397 - root - INFO - ###############################  End  ###############################
2019-04-02 14:42:24,398 - root - INFO - ############################### START ###############################
2019-04-02 14:42:40,765 - root - INFO - ###############################  End  ###############################
2019-04-02 14:42:40,783 - root - INFO - ############################### START ###############################
2019-04-02 14:42:52,394 - root - INFO - FAIL    Unable to click element: <xpath->//*[@id="app"]/div/div[2]/ul/li[1]/img>, Spend 1.0733342170715332 seconds
2019-04-02 14:42:55,496 - root - INFO - ###############################  End  ###############################
2019-04-02 14:42:55,553 - root - INFO - ############################### START ###############################
2019-04-02 14:43:08,810 - root - INFO - SUCCESS    Clicked element: <xpath->//*[@id="app"]/div/div[2]/ul/li[1]/img>, Spend 0.14223766326904297 seconds
2019-04-02 14:43:15,989 - root - INFO - ###############################  End  ###############################
2019-04-02 14:43:15,991 - root - INFO - ############################### START ###############################
2019-04-02 14:43:27,557 - root - INFO - SUCCESS    Clicked element: <xpath->//*[@id="app"]/div/div[2]/ul/li[4]/img>, Spend 1.1540677547454834 seconds
2019-04-02 14:43:33,669 - root - INFO - ###############################  End  ###############################
2019-04-02 14:43:33,670 - root - INFO - ############################### START ###############################
2019-04-02 14:43:44,779 - root - INFO - SUCCESS    Clicked element: <xpath->//*[@id="app"]/div/div[2]/ul/li[3]/img>, Spend 1.132009744644165 seconds
2019-04-02 14:43:50,937 - root - INFO - ###############################  End  ###############################
2019-04-02 14:43:50,938 - root - INFO - ############################### START ###############################
2019-04-02 14:44:04,065 - root - INFO - SUCCESS    Clicked element: <xpath->//*[@id="app"]/div/div[1]/div[1]/p>, Spend 1.1460492610931396 seconds
2019-04-02 14:44:05,259 - root - INFO - SUCCESS    Clicked element: <xpath->//*[@id="app"]/div/div[1]/div[2]/input>, Spend 1.192178726196289 seconds
2019-04-02 14:44:05,383 - root - INFO - SUCCESS    Clicked element: <xpath->//*[@id="app"]/div/div[1]/div[2]/input>, Spend 0.12329411506652832 seconds
2019-04-02 14:44:05,476 - root - INFO - SUCCESS    Typed element: <xpath->//*[@id="app"]/div/div[1]/div[2]/input> content: 98144, Spend 0.09124231338500977 seconds
2019-04-02 14:44:05,662 - root - INFO - SUCCESS    Clicked element: <xpath->//*[@id="app"]/div/div[1]/div[2]/span>, Spend 0.18448543548583984 seconds
2019-04-02 14:44:14,896 - root - INFO - ###############################  End  ###############################
2019-04-02 14:44:14,899 - root - INFO - ############################### START ###############################
2019-04-02 14:44:26,692 - root - INFO - SUCCESS    Clicked element: <xpath->//*[@id="app"]/div/div[2]/ul/li[1]/img>, Spend 1.1069300174713135 seconds
2019-04-02 14:44:31,789 - root - INFO - SUCCESS    Clicked element: <xpath->//*[@id="app"]/div/div/div[2]/div[1]/div[1]/input>, Spend 0.09525084495544434 seconds
2019-04-02 14:44:31,841 - root - INFO - SUCCESS    Typed element: <xpath->//*[@id="app"]/div/div[1]/div[2]/input> content: 66671, Spend 0.05113720893859863 seconds
2019-04-02 14:44:31,943 - root - INFO - SUCCESS    Clicked element: <xpath->//*[@id="app"]/div/div[1]/div[2]/span>, Spend 0.10227179527282715 seconds
2019-04-02 14:45:25,193 - root - INFO - ###############################  End  ###############################
2019-04-02 14:45:25,196 - root - INFO - ############################### START ###############################
2019-04-02 14:45:35,784 - root - INFO - SUCCESS    Clicked element: <xpath->//*[@id="app"]/div/div[1]/div[1]/p>, Spend 1.1099486351013184 seconds
2019-04-02 14:45:44,943 - root - INFO - ###############################  End  ###############################
2019-04-02 14:45:44,945 - root - INFO - ############################### START ###############################
2019-04-02 14:45:57,378 - root - INFO - SUCCESS    Clicked element: <xpath->//*[@id="app"]/div/div[2]/ul/li[2]/img>, Spend 2.1807918548583984 seconds
2019-04-02 14:46:03,528 - root - INFO - ###############################  End  ###############################
2019-04-02 19:43:08,356 - root - INFO - ############################### START ###############################
2019-04-02 19:43:16,505 - root - INFO - SUCCESS    Typed element: <xpath->//*[@id="app"]/div/div[2]/form[2]/input[1]> content: 15100000000, Spend 0.0902402400970459 seconds
2019-04-02 19:43:16,564 - root - INFO - SUCCESS    Typed element: <xpath->//*[@id="app"]/div/div[2]/form[2]/input[2]> content: 111111, Spend 0.05815529823303223 seconds
2019-04-02 19:43:18,773 - root - INFO - ###############################  End  ###############################
2019-04-02 19:43:18,775 - root - INFO - ############################### START ###############################
2019-04-02 19:43:25,556 - root - INFO - SUCCESS    Typed element: <xpath->//*[@id="app"]/div/div[2]/form[2]/input[1]> content: 18911111111, Spend 0.08221888542175293 seconds
2019-04-02 19:43:25,609 - root - INFO - SUCCESS    Typed element: <xpath->//*[@id="app"]/div/div[2]/form[2]/input[2]> content: 123456, Spend 0.05314064025878906 seconds
2019-04-02 19:43:27,803 - root - INFO - ###############################  End  ###############################
2019-04-02 19:43:27,805 - root - INFO - ############################### START ###############################
2019-04-02 19:43:44,521 - root - INFO - ###############################  End  ###############################
2019-04-02 19:43:44,535 - root - INFO - ############################### START ###############################
2019-04-02 19:43:59,844 - root - INFO - ###############################  End  ###############################
2019-04-02 19:43:59,849 - root - INFO - ############################### START ###############################
2019-04-02 19:44:14,407 - root - INFO - FAIL    Unable to click element: <xpath->//*[@id="app"]/div/div[4]/div/div[2]>, Spend 0.05814981460571289 seconds
2019-04-02 19:44:17,494 - root - INFO - ###############################  End  ###############################
2019-04-02 19:44:17,502 - root - INFO - ############################### START ###############################
2019-04-02 19:44:27,984 - root - INFO - SUCCESS    Clicked element: <xpath->//*[@id="app"]/div/div[2]/ul/li[1]/img>, Spend 1.1982264518737793 seconds
2019-04-02 19:44:31,113 - root - INFO - ###############################  End  ###############################
2019-04-02 19:44:31,115 - root - INFO - ############################### START ###############################
2019-04-02 19:44:43,817 - root - INFO - SUCCESS    Clicked element: <xpath->//*[@id="app"]/div/div[2]/ul/li[1]/img>, Spend 0.1764698028564453 seconds
2019-04-02 19:44:51,002 - root - INFO - ###############################  End  ###############################
2019-04-02 19:44:51,004 - root - INFO - ############################### START ###############################
2019-04-02 19:45:01,842 - root - INFO - SUCCESS    Clicked element: <xpath->//*[@id="app"]/div/div[2]/ul/li[4]/img>, Spend 1.1009268760681152 seconds
2019-04-02 19:45:07,964 - root - INFO - ###############################  End  ###############################
2019-04-02 19:45:07,965 - root - INFO - ############################### START ###############################
2019-04-02 19:45:18,286 - root - INFO - SUCCESS    Clicked element: <xpath->//*[@id="app"]/div/div[2]/ul/li[3]/img>, Spend 1.0989084243774414 seconds
2019-04-02 19:45:24,458 - root - INFO - ###############################  End  ###############################
2019-04-02 19:45:24,460 - root - INFO - ############################### START ###############################
2019-04-02 19:45:35,879 - root - INFO - SUCCESS    Clicked element: <xpath->//*[@id="app"]/div/div[1]/div[1]/p>, Spend 1.1069400310516357 seconds
2019-04-02 19:45:36,983 - root - INFO - SUCCESS    Clicked element: <xpath->//*[@id="app"]/div/div[1]/div[2]/input>, Spend 1.1029326915740967 seconds
2019-04-02 19:45:37,057 - root - INFO - SUCCESS    Clicked element: <xpath->//*[@id="app"]/div/div[1]/div[2]/input>, Spend 0.07420778274536133 seconds
2019-04-02 19:45:37,108 - root - INFO - SUCCESS    Typed element: <xpath->//*[@id="app"]/div/div[1]/div[2]/input> content: 98144, Spend 0.05013442039489746 seconds
2019-04-02 19:45:37,207 - root - INFO - SUCCESS    Clicked element: <xpath->//*[@id="app"]/div/div[1]/div[2]/span>, Spend 0.09826993942260742 seconds
2019-04-02 19:45:46,346 - root - INFO - ###############################  End  ###############################
2019-04-02 19:45:46,348 - root - INFO - ############################### START ###############################
2019-04-02 19:45:58,509 - root - INFO - SUCCESS    Clicked element: <xpath->//*[@id="app"]/div/div[2]/ul/li[1]/img>, Spend 1.1019294261932373 seconds
2019-04-02 19:46:03,615 - root - INFO - SUCCESS    Clicked element: <xpath->//*[@id="app"]/div/div/div[2]/div[1]/div[1]/input>, Spend 0.104248046875 seconds
2019-04-02 19:46:03,666 - root - INFO - SUCCESS    Typed element: <xpath->//*[@id="app"]/div/div[1]/div[2]/input> content: 66671, Spend 0.05011272430419922 seconds
2019-04-02 19:46:03,770 - root - INFO - SUCCESS    Clicked element: <xpath->//*[@id="app"]/div/div[1]/div[2]/span>, Spend 0.10327601432800293 seconds
2019-04-02 19:46:57,030 - root - INFO - ###############################  End  ###############################
2019-04-02 19:46:57,031 - root - INFO - ############################### START ###############################
2019-04-02 19:47:07,405 - root - INFO - SUCCESS    Clicked element: <xpath->//*[@id="app"]/div/div[1]/div[1]/p>, Spend 1.102933645248413 seconds
2019-04-02 19:47:16,590 - root - INFO - ###############################  End  ###############################
2019-04-02 19:47:16,591 - root - INFO - ############################### START ###############################
2019-04-02 19:47:27,598 - root - INFO - SUCCESS    Clicked element: <xpath->//*[@id="app"]/div/div[2]/ul/li[2]/img>, Spend 1.208216905593872 seconds
2019-04-02 19:47:33,730 - root - INFO - ###############################  End  ###############################
2019-04-02 19:52:05,791 - root - INFO - ############################### START ###############################
2019-04-02 19:52:11,016 - root - INFO - SUCCESS    Typed element: <xpath->//*[@id="app"]/div/div[2]/form[2]/input[1]> content: 15100000000, Spend 0.09325051307678223 seconds
2019-04-02 19:52:11,082 - root - INFO - SUCCESS    Typed element: <xpath->//*[@id="app"]/div/div[2]/form[2]/input[2]> content: 111111, Spend 0.06417131423950195 seconds
2019-04-02 19:52:13,296 - root - INFO - ###############################  End  ###############################
2019-04-02 19:52:13,298 - root - INFO - ############################### START ###############################
2019-04-02 19:52:19,840 - root - INFO - SUCCESS    Typed element: <xpath->//*[@id="app"]/div/div[2]/form[2]/input[1]> content: 18911111111, Spend 0.07921028137207031 seconds
2019-04-02 19:52:19,895 - root - INFO - SUCCESS    Typed element: <xpath->//*[@id="app"]/div/div[2]/form[2]/input[2]> content: 123456, Spend 0.05514693260192871 seconds
2019-04-02 19:52:22,119 - root - INFO - ###############################  End  ###############################
2019-04-02 19:52:22,120 - root - INFO - ############################### START ###############################
2019-04-02 19:52:36,110 - root - INFO - ###############################  End  ###############################
2019-04-02 19:52:36,111 - root - INFO - ############################### START ###############################
2019-04-02 19:52:50,085 - root - INFO - ###############################  End  ###############################
2019-04-02 19:52:50,088 - root - INFO - ############################### START ###############################
2019-04-02 19:53:04,759 - root - INFO - FAIL    Unable to click element: <xpath->//*[@id="app"]/div/div[4]/div/div[2]>, Spend 0.10827517509460449 seconds
2019-04-02 19:53:07,879 - root - INFO - ###############################  End  ###############################
2019-04-02 19:53:07,888 - root - INFO - ############################### START ###############################
2019-04-02 19:53:18,969 - root - INFO - SUCCESS    Clicked element: <xpath->//*[@id="app"]/div/div[2]/ul/li[1]/img>, Spend 1.1310081481933594 seconds
2019-04-02 19:53:22,091 - root - INFO - ###############################  End  ###############################
2019-04-02 19:53:22,092 - root - INFO - ############################### START ###############################
2019-04-02 19:53:35,066 - root - INFO - SUCCESS    Clicked element: <xpath->//*[@id="app"]/div/div[2]/ul/li[1]/img>, Spend 0.09021377563476562 seconds
2019-04-02 19:53:42,234 - root - INFO - ###############################  End  ###############################
2019-04-02 19:53:42,235 - root - INFO - ############################### START ###############################
2019-04-02 19:53:52,783 - root - INFO - SUCCESS    Clicked element: <xpath->//*[@id="app"]/div/div[2]/ul/li[4]/img>, Spend 1.1129562854766846 seconds
2019-04-02 19:53:58,900 - root - INFO - ###############################  End  ###############################
2019-04-02 19:53:58,901 - root - INFO - ############################### START ###############################
2019-04-02 19:54:09,339 - root - INFO - SUCCESS    Clicked element: <xpath->//*[@id="app"]/div/div[2]/ul/li[3]/img>, Spend 1.2021949291229248 seconds
2019-04-02 19:54:15,485 - root - INFO - ###############################  End  ###############################
2019-04-02 19:54:15,487 - root - INFO - ############################### START ###############################
2019-04-02 19:54:26,354 - root - INFO - SUCCESS    Clicked element: <xpath->//*[@id="app"]/div/div[1]/div[1]/p>, Spend 1.1159658432006836 seconds
2019-04-02 19:54:27,498 - root - INFO - SUCCESS    Clicked element: <xpath->//*[@id="app"]/div/div[1]/div[2]/input>, Spend 1.1430397033691406 seconds
2019-04-02 19:54:27,573 - root - INFO - SUCCESS    Clicked element: <xpath->//*[@id="app"]/div/div[1]/div[2]/input>, Spend 0.07419705390930176 seconds
2019-04-02 19:54:27,613 - root - INFO - SUCCESS    Typed element: <xpath->//*[@id="app"]/div/div[1]/div[2]/input> content: 98144, Spend 0.03910422325134277 seconds
2019-04-02 19:54:27,707 - root - INFO - SUCCESS    Clicked element: <xpath->//*[@id="app"]/div/div[1]/div[2]/span>, Spend 0.09324884414672852 seconds
2019-04-02 19:54:36,939 - root - INFO - ###############################  End  ###############################
2019-04-02 19:54:36,941 - root - INFO - ############################### START ###############################
2019-04-02 19:54:47,334 - root - INFO - SUCCESS    Clicked element: <xpath->//*[@id="app"]/div/div[2]/ul/li[1]/img>, Spend 1.1019248962402344 seconds
2019-04-02 19:54:52,459 - root - INFO - SUCCESS    Clicked element: <xpath->//*[@id="app"]/div/div/div[2]/div[1]/div[1]/input>, Spend 0.12316346168518066 seconds
2019-04-02 19:54:52,512 - root - INFO - SUCCESS    Typed element: <xpath->//*[@id="app"]/div/div[1]/div[2]/input> content: 66671, Spend 0.052136898040771484 seconds
2019-04-02 19:54:52,630 - root - INFO - SUCCESS    Clicked element: <xpath->//*[@id="app"]/div/div[1]/div[2]/span>, Spend 0.11831784248352051 seconds
2019-04-02 19:55:45,860 - root - INFO - ###############################  End  ###############################
2019-04-02 19:55:45,861 - root - INFO - ############################### START ###############################
2019-04-02 19:55:56,881 - root - INFO - SUCCESS    Clicked element: <xpath->//*[@id="app"]/div/div[1]/div[1]/p>, Spend 1.2282609939575195 seconds
2019-04-02 19:56:06,045 - root - INFO - ###############################  End  ###############################
2019-04-02 19:56:06,046 - root - INFO - ############################### START ###############################
2019-04-02 19:56:17,657 - root - INFO - SUCCESS    Clicked element: <xpath->//*[@id="app"]/div/div[2]/ul/li[2]/img>, Spend 2.1176304817199707 seconds
2019-04-02 19:56:23,860 - root - INFO - ###############################  End  ###############################
2019-04-02 20:01:12,617 - root - INFO - ############################### START ###############################
2019-04-02 20:01:18,028 - root - INFO - SUCCESS    Typed element: <xpath->//*[@id="app"]/div/div[2]/form[2]/input[1]> content: 15100000000, Spend 0.08723258972167969 seconds
2019-04-02 20:01:18,090 - root - INFO - SUCCESS    Typed element: <xpath->//*[@id="app"]/div/div[2]/form[2]/input[2]> content: 111111, Spend 0.061162710189819336 seconds
2019-04-02 20:01:20,299 - root - INFO - ###############################  End  ###############################
2019-04-02 20:01:20,302 - root - INFO - ############################### START ###############################
2019-04-02 20:01:25,697 - root - INFO - SUCCESS    Typed element: <xpath->//*[@id="app"]/div/div[2]/form[2]/input[1]> content: 18911111111, Spend 0.0832211971282959 seconds
2019-04-02 20:01:25,760 - root - INFO - SUCCESS    Typed element: <xpath->//*[@id="app"]/div/div[2]/form[2]/input[2]> content: 123456, Spend 0.06316828727722168 seconds
2019-04-02 20:01:27,971 - root - INFO - ###############################  End  ###############################
2019-04-02 20:01:27,972 - root - INFO - ############################### START ###############################
2019-04-02 20:01:42,100 - root - INFO - ###############################  End  ###############################
2019-04-02 20:01:42,103 - root - INFO - ############################### START ###############################
2019-04-02 20:01:56,240 - root - INFO - ###############################  End  ###############################
2019-04-02 20:01:56,242 - root - INFO - ############################### START ###############################
2019-04-02 20:02:10,611 - root - INFO - ###############################  End  ###############################
2019-04-02 20:02:10,618 - root - INFO - ############################### START ###############################
2019-04-02 20:02:21,486 - root - INFO - SUCCESS    Clicked element: <xpath->//*[@id="app"]/div/div[2]/ul/li[1]/img>, Spend 1.1600821018218994 seconds
2019-04-02 20:02:24,650 - root - INFO - ###############################  End  ###############################
2019-04-02 20:02:24,651 - root - INFO - ############################### START ###############################
2019-04-02 20:02:37,601 - root - INFO - SUCCESS    Clicked element: <xpath->//*[@id="app"]/div/div[2]/ul/li[1]/img>, Spend 0.08820796012878418 seconds
2019-04-02 20:02:44,751 - root - INFO - ###############################  End  ###############################
2019-04-02 20:02:44,753 - root - INFO - ############################### START ###############################
2019-04-02 20:02:55,351 - root - INFO - SUCCESS    Clicked element: <xpath->//*[@id="app"]/div/div[2]/ul/li[4]/img>, Spend 1.0979197025299072 seconds
2019-04-02 20:03:01,475 - root - INFO - ###############################  End  ###############################
2019-04-02 20:03:01,477 - root - INFO - ############################### START ###############################
2019-04-02 20:03:11,827 - root - INFO - SUCCESS    Clicked element: <xpath->//*[@id="app"]/div/div[2]/ul/li[3]/img>, Spend 1.1009244918823242 seconds
2019-04-02 20:03:18,004 - root - INFO - ###############################  End  ###############################
2019-04-02 20:03:18,007 - root - INFO - ############################### START ###############################
2019-04-02 20:03:28,021 - root - INFO - SUCCESS    Clicked element: <xpath->//*[@id="app"]/div/div[1]/div[1]/p>, Spend 1.0979194641113281 seconds
2019-04-02 20:03:29,116 - root - INFO - SUCCESS    Clicked element: <xpath->//*[@id="app"]/div/div[1]/div[2]/input>, Spend 1.0939087867736816 seconds
2019-04-02 20:03:29,193 - root - INFO - SUCCESS    Clicked element: <xpath->//*[@id="app"]/div/div[1]/div[2]/input>, Spend 0.076202392578125 seconds
2019-04-02 20:03:29,236 - root - INFO - SUCCESS    Typed element: <xpath->//*[@id="app"]/div/div[1]/div[2]/input> content: 98144, Spend 0.04311490058898926 seconds
2019-04-02 20:03:29,329 - root - INFO - SUCCESS    Clicked element: <xpath->//*[@id="app"]/div/div[1]/div[2]/span>, Spend 0.09324812889099121 seconds
2019-04-02 20:03:38,529 - root - INFO - ###############################  End  ###############################
2019-04-02 20:03:38,531 - root - INFO - ############################### START ###############################
2019-04-02 20:03:48,901 - root - INFO - SUCCESS    Clicked element: <xpath->//*[@id="app"]/div/div[2]/ul/li[1]/img>, Spend 1.1340160369873047 seconds
2019-04-02 20:03:54,121 - root - INFO - SUCCESS    Clicked element: <xpath->//*[@id="app"]/div/div/div[2]/div[1]/div[1]/input>, Spend 0.21752262115478516 seconds
2019-04-02 20:03:54,231 - root - INFO - SUCCESS    Typed element: <xpath->//*[@id="app"]/div/div[1]/div[2]/input> content: 66671, Spend 0.10928940773010254 seconds
2019-04-02 20:03:54,355 - root - INFO - SUCCESS    Clicked element: <xpath->//*[@id="app"]/div/div[1]/div[2]/span>, Spend 0.12233877182006836 seconds
2019-04-02 20:04:47,614 - root - INFO - ###############################  End  ###############################
2019-04-02 20:04:47,616 - root - INFO - ############################### START ###############################
2019-04-02 20:04:58,146 - root - INFO - SUCCESS    Clicked element: <xpath->//*[@id="app"]/div/div[1]/div[1]/p>, Spend 1.1039347648620605 seconds
2019-04-02 20:05:07,290 - root - INFO - ###############################  End  ###############################
2019-04-02 20:05:07,291 - root - INFO - ############################### START ###############################
2019-04-02 20:05:17,703 - root - INFO - SUCCESS    Clicked element: <xpath->//*[@id="app"]/div/div[2]/ul/li[2]/img>, Spend 1.1029319763183594 seconds
2019-04-02 20:05:23,874 - root - INFO - ###############################  End  ###############################
