2019-05-08 19:37:46,351 - root - INFO - ############################### START ###############################
2019-05-08 19:38:07,322 - root - INFO - SUCCESS    Get element text element: <xpath->//*[@id="app"]/div/div[5]/div/div[2]/ul[1]/li[1]/div[1]/span>, Spend 0.036096811294555664 seconds
2019-05-08 19:38:12,447 - root - INFO - ###############################  End  ###############################
2019-05-08 19:38:12,447 - root - INFO - ############################### START ###############################
2019-05-08 19:38:27,972 - root - INFO - ###############################  End  ###############################
2019-05-08 19:38:27,974 - root - INFO - ############################### START ###############################
2019-05-08 19:38:35,214 - root - INFO - SUCCESS    Get element text element: <xpath->//*[@id="app"]/div/div[2]/div[1]/p[1]>, Spend 0.02606964111328125 seconds
2019-05-08 19:38:40,368 - root - INFO - ###############################  End  ###############################
2019-05-08 19:38:40,370 - root - INFO - ############################### START ###############################
2019-05-08 19:38:54,169 - root - INFO - SUCCESS    Get element text element: <xpath->//*[@id="app"]/div/div[2]/div/div[2]/ul/li[1]/div[2]/div/p[1]/span>, Spend 0.029077529907226562 seconds
2019-05-08 19:38:56,281 - root - INFO - ###############################  End  ###############################
2019-05-08 19:38:56,283 - root - INFO - ############################### START ###############################
2019-05-08 19:39:03,778 - root - INFO - SUCCESS    Typed element: <xpath->//*[@id="app"]/div/div[1]/div[2]/input> content: 10024, Spend 0.049132347106933594 seconds
2019-05-08 19:39:10,086 - root - INFO - ###############################  End  ###############################
2019-05-08 19:39:10,088 - root - INFO - ############################### START ###############################
2019-05-08 19:39:19,307 - root - INFO - SUCCESS    Get element text element: <xpath->//*[@id="app"]/div/div[2]/ul/li[2]/p[1]/span>, Spend 0.10323858261108398 seconds
2019-05-08 19:39:19,355 - root - INFO - SUCCESS    Get element text element: <xpath->//*[@id="app"]/div/div[2]/ul/li[2]/div[1]>, Spend 0.030078649520874023 seconds
2019-05-08 19:39:21,467 - root - INFO - ###############################  End  ###############################
2019-05-08 19:39:21,469 - root - INFO - ############################### START ###############################
2019-05-08 19:39:29,170 - root - INFO - SUCCESS    Get element text element: <xpath->//*[@id="app"]/div/div[2]/div[1]/ul/li[1]/div[2]/div[1]/p[1]/span>, Spend 0.04011178016662598 seconds
2019-05-08 19:39:31,363 - root - INFO - ###############################  End  ###############################
2019-05-08 19:39:31,365 - root - INFO - ############################### START ###############################
2019-05-08 19:39:41,216 - root - INFO - SUCCESS    Get element text element: <xpath->//*[@id="app"]/div/div[11]/div/div/div[2]/ul/li[1]/div[1]>, Spend 0.02908945083618164 seconds
2019-05-08 19:39:43,334 - root - INFO - ###############################  End  ###############################
2019-05-08 19:39:43,349 - root - INFO - ############################### START ###############################
2019-05-08 19:39:55,028 - root - INFO - SUCCESS    Clear and type element: <xpath->//*[@id="app"]/div/div/div[2]/div[1]/div[1]/input> content: 10532, Spend 0.11229658126831055 seconds
2019-05-08 19:40:00,358 - root - INFO - ###############################  End  ###############################
2019-05-08 19:40:00,360 - root - INFO - ############################### START ###############################
2019-05-08 19:40:12,120 - root - INFO - SUCCESS    Clear and type element: <xpath->//*[@id="app"]/div/div/div[2]/div[1]/div[1]/input> content: 10532, Spend 0.0902397632598877 seconds
2019-05-08 19:40:17,450 - root - INFO - ###############################  End  ###############################
2019-05-08 19:40:17,452 - root - INFO - ############################### START ###############################
2019-05-08 19:40:29,925 - root - INFO - ###############################  End  ###############################
2019-05-08 19:40:29,927 - root - INFO - ############################### START ###############################
2019-05-08 19:40:51,914 - root - INFO - ###############################  End  ###############################
2019-05-08 19:40:51,964 - root - INFO - ############################### START ###############################
2019-05-08 19:40:58,343 - root - INFO - SUCCESS    Get element text element: <xpath->//*[@id="app"]/div/div[4]/div/div/div[2]/ul/li[1]/div[1]/span>, Spend 0.02907872200012207 seconds
2019-05-08 19:41:00,448 - root - INFO - ###############################  End  ###############################
2019-05-08 19:41:00,449 - root - INFO - ############################### START ###############################
2019-05-08 19:41:09,576 - root - INFO - SUCCESS    Get element text element: <xpath->//*[@id="app"]/div/div[8]/div/div/div[2]/ul/span/li[2]/div[2]/div[1]>, Spend 0.1333160400390625 seconds
2019-05-08 19:41:09,683 - root - INFO - SUCCESS    Get element text element: <xpath->//*[@id="app"]/div/div[8]/div/div/div[2]/ul/span/li[1]/div[2]/div[2]>, Spend 0.05313730239868164 seconds
2019-05-08 19:41:11,797 - root - INFO - ###############################  End  ###############################
2019-05-08 19:41:11,800 - root - INFO - ############################### START ###############################
2019-05-08 19:41:22,966 - root - INFO - SUCCESS    Get element text element: <xpath->//*[@id="app"]/div/div[2]/ul/li[1]/div[1]/p[1]/span>, Spend 0.0270993709564209 seconds
2019-05-08 19:41:23,006 - root - INFO - SUCCESS    Get element text element: <xpath->//*[@id="app"]/div/div[2]/ul/li[1]/div[1]/div>, Spend 0.027071475982666016 seconds
2019-05-08 19:41:25,102 - root - INFO - ###############################  End  ###############################
2019-05-08 19:41:25,104 - root - INFO - ############################### START ###############################
2019-05-08 19:41:34,256 - root - INFO - SUCCESS    Get element text element: <xpath->//*[@id="app"]/div/div[7]/div/div[2]/ul/li[1]/div[2]>, Spend 0.06116652488708496 seconds
2019-05-08 19:41:36,382 - root - INFO - ###############################  End  ###############################
2019-05-08 19:41:36,384 - root - INFO - ############################### START ###############################
2019-05-08 19:41:46,986 - root - INFO - SUCCESS    Get element text element: <xpath->//*[@id="app"]/div/div[2]/ul/li[2]/div[1]>, Spend 0.025066137313842773 seconds
2019-05-08 19:41:49,100 - root - INFO - ###############################  End  ###############################
2019-05-08 19:41:49,102 - root - INFO - ############################### START ###############################
2019-05-08 19:42:10,656 - root - INFO - ###############################  End  ###############################
